Using pre-set license
Built from '2020.3/staging' branch; Version is '2020.3.19f1 (68f137dc9bbe) revision 6877495'; Using compiler version '192528614'; Build Type 'Release'
OS: 'Windows 10 Education; OS build 22543.1000; Version 2009; 64bit' Language: 'pl' Physical Memory: 8077 MB
BatchMode: 1, IsHumanControllingUs: 0, StartBugReporterOnCrash: 0, Is64bit: 1, IsPro: 0

COMMAND LINE ARGUMENTS:
D:\Program Files\Unity\Hub\Editor\2020.3.19f1\Editor\Unity.exe
-adb2
-batchMode
-noUpm
-name
AssetImportWorker0
-projectPath
D:/Akaadian/Documents/STUDIA/III SEMESTR/Silniki gier/Projekt
-logFile
Logs/AssetImportWorker0.log
-srvPort
64087
Successfully changed project path to: D:/Akaadian/Documents/STUDIA/III SEMESTR/Silniki gier/Projekt
D:/Akaadian/Documents/STUDIA/III SEMESTR/Silniki gier/Projekt
Using Asset Import Pipeline V2.
Refreshing native plugins compatible for Editor in 50.41 ms, found 2 plugins.
Preloading 0 native plugins for Editor in 0.00 ms.
Initialize engine version: 2020.3.19f1 (68f137dc9bbe)
[Subsystems] Discovering subsystems at path D:/Program Files/Unity/Hub/Editor/2020.3.19f1/Editor/Data/Resources/UnitySubsystems
[Subsystems] Discovering subsystems at path D:/Akaadian/Documents/STUDIA/III SEMESTR/Silniki gier/Projekt/Assets
GfxDevice: creating device client; threaded=0
Direct3D:
    Version:  Direct3D 11.0 [level 11.1]
    Renderer: Radeon (TM) RX 480 Graphics (ID=0x67df)
    Vendor:   
    VRAM:     8171 MB
    Driver:   30.0.13037.1003
Initialize mono
Mono path[0] = 'D:/Program Files/Unity/Hub/Editor/2020.3.19f1/Editor/Data/Managed'
Mono path[1] = 'D:/Program Files/Unity/Hub/Editor/2020.3.19f1/Editor/Data/MonoBleedingEdge/lib/mono/unityjit'
Mono config path = 'D:/Program Files/Unity/Hub/Editor/2020.3.19f1/Editor/Data/MonoBleedingEdge/etc'
Using monoOptions --debugger-agent=transport=dt_socket,embedding=1,server=y,suspend=n,address=127.0.0.1:56788
Begin MonoManager ReloadAssembly
Registering precompiled unity dll's ...
Register platform support module: D:/Program Files/Unity/Hub/Editor/2020.3.19f1/Editor/Data/PlaybackEngines/WebGLSupport/UnityEditor.WebGL.Extensions.dll
Register platform support module: D:/Program Files/Unity/Hub/Editor/2020.3.19f1/Editor/Data/PlaybackEngines/WindowsStandaloneSupport/UnityEditor.WindowsStandalone.Extensions.dll
Registered in 0.001884 seconds.
Native extension for WindowsStandalone target not found
Native extension for WebGL target not found
Refreshing native plugins compatible for Editor in 49.82 ms, found 2 plugins.
Preloading 0 native plugins for Editor in 0.00 ms.
Mono: successfully reloaded assembly
- Completed reload, in  1.666 seconds
Domain Reload Profiling:
	ReloadAssembly (1666ms)
		BeginReloadAssembly (97ms)
			ExecutionOrderSort (0ms)
			DisableScriptedObjects (0ms)
			BackupInstance (0ms)
			ReleaseScriptingObjects (0ms)
			CreateAndSetChildDomain (1ms)
		EndReloadAssembly (521ms)
			LoadAssemblies (97ms)
			RebuildTransferFunctionScriptingTraits (0ms)
			SetupTypeCache (199ms)
			ReleaseScriptCaches (0ms)
			RebuildScriptCaches (38ms)
			SetupLoadedEditorAssemblies (207ms)
				LogAssemblyErrors (0ms)
				InitializePlatformSupportModulesInManaged (6ms)
				SetLoadedEditorAssemblies (0ms)
				RefreshPlugins (50ms)
				BeforeProcessingInitializeOnLoad (20ms)
				ProcessInitializeOnLoadAttributes (95ms)
				ProcessInitializeOnLoadMethodAttributes (36ms)
				AfterProcessingInitializeOnLoad (0ms)
				EditorAssembliesLoaded (0ms)
			ExecutionOrderSort2 (0ms)
			AwakeInstancesAfterBackupRestoration (0ms)
Platform modules already initialized, skipping
Registering precompiled user dll's ...
Registered in 0.003988 seconds.
Begin MonoManager ReloadAssembly
Native extension for WindowsStandalone target not found
Native extension for WebGL target not found
Refreshing native plugins compatible for Editor in 0.43 ms, found 2 plugins.
Preloading 0 native plugins for Editor in 0.00 ms.
Mono: successfully reloaded assembly
- Completed reload, in  1.315 seconds
Domain Reload Profiling:
	ReloadAssembly (1316ms)
		BeginReloadAssembly (212ms)
			ExecutionOrderSort (0ms)
			DisableScriptedObjects (5ms)
			BackupInstance (0ms)
			ReleaseScriptingObjects (0ms)
			CreateAndSetChildDomain (27ms)
		EndReloadAssembly (1037ms)
			LoadAssemblies (146ms)
			RebuildTransferFunctionScriptingTraits (0ms)
			SetupTypeCache (348ms)
			ReleaseScriptCaches (0ms)
			RebuildScriptCaches (67ms)
			SetupLoadedEditorAssemblies (379ms)
				LogAssemblyErrors (0ms)
				InitializePlatformSupportModulesInManaged (7ms)
				SetLoadedEditorAssemblies (1ms)
				RefreshPlugins (1ms)
				BeforeProcessingInitializeOnLoad (98ms)
				ProcessInitializeOnLoadAttributes (260ms)
				ProcessInitializeOnLoadMethodAttributes (9ms)
				AfterProcessingInitializeOnLoad (3ms)
				EditorAssembliesLoaded (0ms)
			ExecutionOrderSort2 (0ms)
			AwakeInstancesAfterBackupRestoration (7ms)
Platform modules already initialized, skipping
========================================================================
Worker process is ready to serve import requests
Launched and connected shader compiler UnityShaderCompiler.exe after 0.08 seconds
Refreshing native plugins compatible for Editor in 0.53 ms, found 2 plugins.
Preloading 0 native plugins for Editor in 0.00 ms.
Unloading 1759 Unused Serialized files (Serialized files now loaded: 0)
System memory in use before: 84.4 MB.
System memory in use after: 84.5 MB.

Unloading 20 unused Assets to reduce memory usage. Loaded Objects now: 2199.
Total: 3.134700 ms (FindLiveObjects: 0.172200 ms CreateObjectMapping: 0.099600 ms MarkObjects: 2.755300 ms  DeleteObjects: 0.106300 ms)

AssetImportParameters requested are different than current active one (requested -> active):
  custom:framework-win-MediaFoundation: 216162199b28c13a410421893ffa2e32 -> 
  custom:video-decoder-ogg-theora: a1e56fd34408186e4bbccfd4996cb3dc -> 
  custom:container-muxer-webm: aa71ff27fc2769a1b78a27578f13a17b -> 
  custom:container-demuxer-webm: 4f35f7cbe854078d1ac9338744f61a02 -> 
  custom:container-demuxer-ogg: 62fdf1f143b41e24485cea50d1cbac27 -> 
  custom:video-encoder-webm-vp8: eb34c28f22e8b96e1ab97ce403110664 -> 
  custom:video-decoder-webm-vp8: 9c59270c3fd7afecdb556c50c9e8de78 -> 
  custom:audio-decoder-ogg-vorbis: bf7c407c2cedff20999df2af8eb42d56 -> 
  custom:audio-encoder-webm-vorbis: bf7c407c2cedff20999df2af8eb42d56 -> 
========================================================================
Received Import Request.
  path: Assets/Platform tile pack/ArtWork/Tiles/Tileset_13.asset
  artifactKey: Guid(596e3483ffd9cc442a116ff3f1018a6d) Importer(815301076,1909f56bfc062723c751e8b465ee728b)
Start importing Assets/Platform tile pack/ArtWork/Tiles/Tileset_13.asset using Guid(596e3483ffd9cc442a116ff3f1018a6d) Importer(815301076,1909f56bfc062723c751e8b465ee728b)  -> (artifact id: '88e83857529118569f8aa989899fb5bd') in 0.108579 seconds 
  Import took 0.111773 seconds .

========================================================================
Received Import Request.
  Time since last request: 0.000313 seconds.
  path: Assets/Platform tile pack/ArtWork/Tiles/Tileset_61.asset
  artifactKey: Guid(5a005fc331a52594cb0d7c1d4e1d251a) Importer(815301076,1909f56bfc062723c751e8b465ee728b)
Start importing Assets/Platform tile pack/ArtWork/Tiles/Tileset_61.asset using Guid(5a005fc331a52594cb0d7c1d4e1d251a) Importer(815301076,1909f56bfc062723c751e8b465ee728b)  -> (artifact id: '0afd3224d68295730b7d79bdff2bf001') in 0.017507 seconds 
  Import took 0.021177 seconds .

========================================================================
Received Import Request.
  Time since last request: 0.000320 seconds.
  path: Assets/Platform tile pack/ArtWork/Tiles/Tileset_19.asset
  artifactKey: Guid(ced1be987d85e894481d3d81621b6dc9) Importer(815301076,1909f56bfc062723c751e8b465ee728b)
Start importing Assets/Platform tile pack/ArtWork/Tiles/Tileset_19.asset using Guid(ced1be987d85e894481d3d81621b6dc9) Importer(815301076,1909f56bfc062723c751e8b465ee728b)  -> (artifact id: '0ab57b4bce66a26b740ce235172ad5c8') in 0.019963 seconds 
  Import took 0.025857 seconds .

========================================================================
Received Import Request.
  Time since last request: 0.000348 seconds.
  path: Assets/Platform tile pack/ArtWork/Tiles/Tileset_130.asset
  artifactKey: Guid(0ba8f89571934f040a77c1177d2aa4a4) Importer(815301076,1909f56bfc062723c751e8b465ee728b)
Start importing Assets/Platform tile pack/ArtWork/Tiles/Tileset_130.asset using Guid(0ba8f89571934f040a77c1177d2aa4a4) Importer(815301076,1909f56bfc062723c751e8b465ee728b)  -> (artifact id: 'a9155b51ca7250cfe5641258fcb6afbb') in 0.017057 seconds 
  Import took 0.020457 seconds .

========================================================================
Received Import Request.
  Time since last request: 0.000265 seconds.
  path: Assets/Platform tile pack/ArtWork/Tiles/Tileset_10.asset
  artifactKey: Guid(58e1f5676beead643bb075afbb4fb334) Importer(815301076,1909f56bfc062723c751e8b465ee728b)
Start importing Assets/Platform tile pack/ArtWork/Tiles/Tileset_10.asset using Guid(58e1f5676beead643bb075afbb4fb334) Importer(815301076,1909f56bfc062723c751e8b465ee728b)  -> (artifact id: '46a428e0253fae1abba76ba81104f352') in 0.016099 seconds 
  Import took 0.038441 seconds .

========================================================================
Received Import Request.
  Time since last request: 0.000224 seconds.
  path: Assets/Platform tile pack/ArtWork/Tiles/Tileset_94.asset
  artifactKey: Guid(880e580cd40a51145baa83ff4afe68a7) Importer(815301076,1909f56bfc062723c751e8b465ee728b)
Start importing Assets/Platform tile pack/ArtWork/Tiles/Tileset_94.asset using Guid(880e580cd40a51145baa83ff4afe68a7) Importer(815301076,1909f56bfc062723c751e8b465ee728b)  -> (artifact id: '79750b308e3c04725e176b23a7151abc') in 0.015475 seconds 
  Import took 0.018531 seconds .

========================================================================
Received Import Request.
  Time since last request: 0.000264 seconds.
  path: Assets/Platform tile pack/ArtWork/Tiles/Tileset_73.asset
  artifactKey: Guid(65058072dfbdc6b4682d58335cedf5b0) Importer(815301076,1909f56bfc062723c751e8b465ee728b)
Start importing Assets/Platform tile pack/ArtWork/Tiles/Tileset_73.asset using Guid(65058072dfbdc6b4682d58335cedf5b0) Importer(815301076,1909f56bfc062723c751e8b465ee728b)  -> (artifact id: 'abf3ed331ecb90c02a8929a07446f962') in 0.016197 seconds 
  Import took 0.035714 seconds .

========================================================================
Received Import Request.
  Time since last request: 0.000260 seconds.
  path: Assets/Platform tile pack/ArtWork/Tiles/Tileset_108.asset
  artifactKey: Guid(8be633efd8be7654ca822efac8095450) Importer(815301076,1909f56bfc062723c751e8b465ee728b)
Start importing Assets/Platform tile pack/ArtWork/Tiles/Tileset_108.asset using Guid(8be633efd8be7654ca822efac8095450) Importer(815301076,1909f56bfc062723c751e8b465ee728b)  -> (artifact id: 'e2dba8837cc9364374833ebff4c5890c') in 0.014496 seconds 
  Import took 0.019019 seconds .

========================================================================
Received Import Request.
  Time since last request: 0.000326 seconds.
  path: Assets/Platform tile pack/ArtWork/Tiles/Tileset_65.asset
  artifactKey: Guid(754b22071986161408ad85561f8798d1) Importer(815301076,1909f56bfc062723c751e8b465ee728b)
Start importing Assets/Platform tile pack/ArtWork/Tiles/Tileset_65.asset using Guid(754b22071986161408ad85561f8798d1) Importer(815301076,1909f56bfc062723c751e8b465ee728b)  -> (artifact id: '58dc280ac831dad4d7ac68678bc7023f') in 0.016961 seconds 
  Import took 0.020200 seconds .

========================================================================
Received Import Request.
  Time since last request: 0.000226 seconds.
  path: Assets/Platform tile pack/ArtWork/Tiles/Tileset_78.asset
  artifactKey: Guid(ac41e4368b4a56042969ada70a274544) Importer(815301076,1909f56bfc062723c751e8b465ee728b)
Start importing Assets/Platform tile pack/ArtWork/Tiles/Tileset_78.asset using Guid(ac41e4368b4a56042969ada70a274544) Importer(815301076,1909f56bfc062723c751e8b465ee728b)  -> (artifact id: '70a5efbb7e444dbace08aae0254c2109') in 0.013103 seconds 
  Import took 0.016495 seconds .

========================================================================
Received Import Request.
  Time since last request: 0.000241 seconds.
  path: Assets/Platform tile pack/ArtWork/Tiles/Tileset_115.asset
  artifactKey: Guid(b6551df2090d418448fa18692a666dc2) Importer(815301076,1909f56bfc062723c751e8b465ee728b)
Start importing Assets/Platform tile pack/ArtWork/Tiles/Tileset_115.asset using Guid(b6551df2090d418448fa18692a666dc2) Importer(815301076,1909f56bfc062723c751e8b465ee728b)  -> (artifact id: '79371bd647159d6d120481ee2c23b957') in 0.016407 seconds 
  Import took 0.019773 seconds .

========================================================================
Received Import Request.
  Time since last request: 0.000231 seconds.
  path: Assets/Platform tile pack/ArtWork/Tiles/Tileset_1.asset
  artifactKey: Guid(7c8de5009727a87448067debb5a98ce0) Importer(815301076,1909f56bfc062723c751e8b465ee728b)
Start importing Assets/Platform tile pack/ArtWork/Tiles/Tileset_1.asset using Guid(7c8de5009727a87448067debb5a98ce0) Importer(815301076,1909f56bfc062723c751e8b465ee728b)  -> (artifact id: '04e6302e3f3d19d0f33da639939700e5') in 0.015489 seconds 
  Import took 0.027896 seconds .

========================================================================
Received Import Request.
  Time since last request: 0.000248 seconds.
  path: Assets/Platform tile pack/ArtWork/Tiles/Tileset_79.asset
  artifactKey: Guid(4c1593953d7f06643ae524f9354f910e) Importer(815301076,1909f56bfc062723c751e8b465ee728b)
Start importing Assets/Platform tile pack/ArtWork/Tiles/Tileset_79.asset using Guid(4c1593953d7f06643ae524f9354f910e) Importer(815301076,1909f56bfc062723c751e8b465ee728b)  -> (artifact id: '29d5a2cd9052b3a8f88349efdca08a09') in 0.019900 seconds 
  Import took 0.023593 seconds .

========================================================================
Received Import Request.
  Time since last request: 0.001783 seconds.
  path: Assets/Platform tile pack/ArtWork/Tiles/Tileset_83.asset
  artifactKey: Guid(a26c945c8f15ff3439d9552824caefc5) Importer(815301076,1909f56bfc062723c751e8b465ee728b)
Start importing Assets/Platform tile pack/ArtWork/Tiles/Tileset_83.asset using Guid(a26c945c8f15ff3439d9552824caefc5) Importer(815301076,1909f56bfc062723c751e8b465ee728b)  -> (artifact id: '5ec3b8120d5481ace7d977d6e3ccb195') in 0.016324 seconds 
  Import took 0.019817 seconds .

========================================================================
Received Import Request.
  Time since last request: 0.000255 seconds.
  path: Assets/Platform tile pack/ArtWork/Tiles/Tileset_106.asset
  artifactKey: Guid(cdb9ea3426ff0354497b32dd3180efb1) Importer(815301076,1909f56bfc062723c751e8b465ee728b)
Start importing Assets/Platform tile pack/ArtWork/Tiles/Tileset_106.asset using Guid(cdb9ea3426ff0354497b32dd3180efb1) Importer(815301076,1909f56bfc062723c751e8b465ee728b)  -> (artifact id: '60bfbac85a195d4bb76a89670724947b') in 0.017469 seconds 
  Import took 0.020614 seconds .

========================================================================
Received Import Request.
  Time since last request: 0.000221 seconds.
  path: Assets/Platform tile pack/ArtWork/Tiles/Tileset_57.asset
  artifactKey: Guid(4f1456c628f036547ba43ca6ea53dbd4) Importer(815301076,1909f56bfc062723c751e8b465ee728b)
Start importing Assets/Platform tile pack/ArtWork/Tiles/Tileset_57.asset using Guid(4f1456c628f036547ba43ca6ea53dbd4) Importer(815301076,1909f56bfc062723c751e8b465ee728b)  -> (artifact id: 'e171c945a1ce5a6f47e380647848de37') in 0.019149 seconds 
  Import took 0.022772 seconds .

========================================================================
Received Import Request.
  Time since last request: 0.000305 seconds.
  path: Assets/Platform tile pack/ArtWork/Tiles/Tileset_43.asset
  artifactKey: Guid(f3d630f6d496e6c4ba7ea882f1fe553c) Importer(815301076,1909f56bfc062723c751e8b465ee728b)
Start importing Assets/Platform tile pack/ArtWork/Tiles/Tileset_43.asset using Guid(f3d630f6d496e6c4ba7ea882f1fe553c) Importer(815301076,1909f56bfc062723c751e8b465ee728b)  -> (artifact id: 'e72cbb4bb949b5f34b168524ee704168') in 0.017251 seconds 
  Import took 0.020518 seconds .

========================================================================
Received Import Request.
  Time since last request: 0.000238 seconds.
  path: Assets/Platform tile pack/ArtWork/Tiles/Tileset_101.asset
  artifactKey: Guid(1424f172441e5dd46a41c60f34a9be22) Importer(815301076,1909f56bfc062723c751e8b465ee728b)
Start importing Assets/Platform tile pack/ArtWork/Tiles/Tileset_101.asset using Guid(1424f172441e5dd46a41c60f34a9be22) Importer(815301076,1909f56bfc062723c751e8b465ee728b)  -> (artifact id: '176a27c7ecbabf08d594ce83b9bef9d9') in 0.015071 seconds 
  Import took 0.019166 seconds .

========================================================================
Received Import Request.
  Time since last request: 0.000208 seconds.
  path: Assets/Platform tile pack/ArtWork/Tiles/Tileset_25.asset
  artifactKey: Guid(429d7ef1de56b3d40b6ccc94529001a4) Importer(815301076,1909f56bfc062723c751e8b465ee728b)
Start importing Assets/Platform tile pack/ArtWork/Tiles/Tileset_25.asset using Guid(429d7ef1de56b3d40b6ccc94529001a4) Importer(815301076,1909f56bfc062723c751e8b465ee728b)  -> (artifact id: 'b1653054262d227febcf6e3337264a78') in 0.016296 seconds 
  Import took 0.027824 seconds .

========================================================================
Received Import Request.
  Time since last request: 0.000231 seconds.
  path: Assets/Platform tile pack/ArtWork/Tiles/Tileset_95.asset
  artifactKey: Guid(bab1e478a29247b4484fa1849d9d8993) Importer(815301076,1909f56bfc062723c751e8b465ee728b)
Start importing Assets/Platform tile pack/ArtWork/Tiles/Tileset_95.asset using Guid(bab1e478a29247b4484fa1849d9d8993) Importer(815301076,1909f56bfc062723c751e8b465ee728b)  -> (artifact id: '60e4dc649fc62dcdfa2734533ce1276d') in 0.016324 seconds 
  Import took 0.019892 seconds .

========================================================================
Received Import Request.
  Time since last request: 0.000360 seconds.
  path: Assets/Platform tile pack/ArtWork/Tiles/Tileset_38.asset
  artifactKey: Guid(7603470b01ddc7c47b46c2dfcfd68640) Importer(815301076,1909f56bfc062723c751e8b465ee728b)
Start importing Assets/Platform tile pack/ArtWork/Tiles/Tileset_38.asset using Guid(7603470b01ddc7c47b46c2dfcfd68640) Importer(815301076,1909f56bfc062723c751e8b465ee728b)  -> (artifact id: '07bb2e1ee7c9dae5b7ed554e0b1eb087') in 0.015037 seconds 
  Import took 0.032049 seconds .

========================================================================
Received Import Request.
  Time since last request: 0.000252 seconds.
  path: Assets/Platform tile pack/ArtWork/Tiles/Tileset_103.asset
  artifactKey: Guid(83e58e3f2d4ed1c41b05a4c7a8e2bdc4) Importer(815301076,1909f56bfc062723c751e8b465ee728b)
Start importing Assets/Platform tile pack/ArtWork/Tiles/Tileset_103.asset using Guid(83e58e3f2d4ed1c41b05a4c7a8e2bdc4) Importer(815301076,1909f56bfc062723c751e8b465ee728b)  -> (artifact id: '6be68f40cec01ae311eb227298f146f8') in 0.015293 seconds 
  Import took 0.019704 seconds .

========================================================================
Received Import Request.
  Time since last request: 0.000233 seconds.
  path: Assets/Platform tile pack/ArtWork/Tiles/Tileset_124.asset
  artifactKey: Guid(3247fe1dbbc18d7408b2213d80b2f7fb) Importer(815301076,1909f56bfc062723c751e8b465ee728b)
Start importing Assets/Platform tile pack/ArtWork/Tiles/Tileset_124.asset using Guid(3247fe1dbbc18d7408b2213d80b2f7fb) Importer(815301076,1909f56bfc062723c751e8b465ee728b)  -> (artifact id: 'aea7453c036e9f191914e7a6b783f6ad') in 0.016766 seconds 
  Import took 0.026850 seconds .

========================================================================
Received Import Request.
  Time since last request: 0.000243 seconds.
  path: Assets/Platform tile pack/ArtWork/Tiles/Tileset_140.asset
  artifactKey: Guid(9dc305cfd5cb9214d8b9d3bef5062b61) Importer(815301076,1909f56bfc062723c751e8b465ee728b)
Start importing Assets/Platform tile pack/ArtWork/Tiles/Tileset_140.asset using Guid(9dc305cfd5cb9214d8b9d3bef5062b61) Importer(815301076,1909f56bfc062723c751e8b465ee728b)  -> (artifact id: 'f38b5e3e0fd797f51be0999974a7fa6f') in 0.017038 seconds 
  Import took 0.026123 seconds .

========================================================================
Received Import Request.
  Time since last request: 0.000246 seconds.
  path: Assets/Platform tile pack/ArtWork/Tiles/Tileset_75.asset
  artifactKey: Guid(3c461bd7b4c320a4f83b903bdd514e8e) Importer(815301076,1909f56bfc062723c751e8b465ee728b)
Start importing Assets/Platform tile pack/ArtWork/Tiles/Tileset_75.asset using Guid(3c461bd7b4c320a4f83b903bdd514e8e) Importer(815301076,1909f56bfc062723c751e8b465ee728b)  -> (artifact id: '5bb41c09f1847f7aca6365ba7651f130') in 0.016789 seconds 
  Import took 0.019952 seconds .

========================================================================
Received Import Request.
  Time since last request: 0.000314 seconds.
  path: Assets/Platform tile pack/ArtWork/Tiles/Tileset_118.asset
  artifactKey: Guid(c442eac33186468499fd9976aa039207) Importer(815301076,1909f56bfc062723c751e8b465ee728b)
Start importing Assets/Platform tile pack/ArtWork/Tiles/Tileset_118.asset using Guid(c442eac33186468499fd9976aa039207) Importer(815301076,1909f56bfc062723c751e8b465ee728b)  -> (artifact id: '433c0c9824cc2acefbaa23e982427d5e') in 0.015488 seconds 
  Import took 0.019208 seconds .

========================================================================
Received Import Request.
  Time since last request: 0.000260 seconds.
  path: Assets/Platform tile pack/ArtWork/Tiles/Tileset_30.asset
  artifactKey: Guid(5a9f6df97df2fbc46b52a45ed924fa5b) Importer(815301076,1909f56bfc062723c751e8b465ee728b)
Start importing Assets/Platform tile pack/ArtWork/Tiles/Tileset_30.asset using Guid(5a9f6df97df2fbc46b52a45ed924fa5b) Importer(815301076,1909f56bfc062723c751e8b465ee728b)  -> (artifact id: '8dbc017467686a238da4c6b36926840b') in 0.019279 seconds 
  Import took 0.025895 seconds .

========================================================================
Received Import Request.
  Time since last request: 0.000243 seconds.
  path: Assets/Platform tile pack/ArtWork/Tiles/Tileset_122.asset
  artifactKey: Guid(2979786ce1bce3443947549297cb22ad) Importer(815301076,1909f56bfc062723c751e8b465ee728b)
Start importing Assets/Platform tile pack/ArtWork/Tiles/Tileset_122.asset using Guid(2979786ce1bce3443947549297cb22ad) Importer(815301076,1909f56bfc062723c751e8b465ee728b)  -> (artifact id: 'cd5d7890e29366545225bf520e6a429d') in 0.016536 seconds 
  Import took 0.019684 seconds .

========================================================================
Received Import Request.
  Time since last request: 0.000240 seconds.
  path: Assets/Platform tile pack/ArtWork/Tiles/Tileset_6.asset
  artifactKey: Guid(fa17718606ce75e4da62e4c83d2852dd) Importer(815301076,1909f56bfc062723c751e8b465ee728b)
Start importing Assets/Platform tile pack/ArtWork/Tiles/Tileset_6.asset using Guid(fa17718606ce75e4da62e4c83d2852dd) Importer(815301076,1909f56bfc062723c751e8b465ee728b)  -> (artifact id: '792cbf0175d5a3e64946bd534f510117') in 0.016492 seconds 
  Import took 0.019424 seconds .

========================================================================
Received Import Request.
  Time since last request: 0.000218 seconds.
  path: Assets/Platform tile pack/ArtWork/Tiles/Tileset_20.asset
  artifactKey: Guid(0a51796b08f2adc42908558acf5852db) Importer(815301076,1909f56bfc062723c751e8b465ee728b)
Start importing Assets/Platform tile pack/ArtWork/Tiles/Tileset_20.asset using Guid(0a51796b08f2adc42908558acf5852db) Importer(815301076,1909f56bfc062723c751e8b465ee728b)  -> (artifact id: '7bc2d7ea40e6d49bb704891a51aa6a4c') in 0.016886 seconds 
  Import took 0.019921 seconds .

========================================================================
Received Import Request.
  Time since last request: 0.000269 seconds.
  path: Assets/Platform tile pack/ArtWork/Tiles/Tileset_126.asset
  artifactKey: Guid(97601efc8c721484aa7193266a8f3d3b) Importer(815301076,1909f56bfc062723c751e8b465ee728b)
Start importing Assets/Platform tile pack/ArtWork/Tiles/Tileset_126.asset using Guid(97601efc8c721484aa7193266a8f3d3b) Importer(815301076,1909f56bfc062723c751e8b465ee728b)  -> (artifact id: '768c98ce41c3c1cb7cfee1e1acb694cc') in 0.015264 seconds 
  Import took 0.021158 seconds .

========================================================================
Received Import Request.
  Time since last request: 0.000219 seconds.
  path: Assets/Platform tile pack/ArtWork/Tiles/Tileset_91.asset
  artifactKey: Guid(fd7ab0919bded6a479dc5f878f3ccb67) Importer(815301076,1909f56bfc062723c751e8b465ee728b)
Start importing Assets/Platform tile pack/ArtWork/Tiles/Tileset_91.asset using Guid(fd7ab0919bded6a479dc5f878f3ccb67) Importer(815301076,1909f56bfc062723c751e8b465ee728b)  -> (artifact id: '56cfe0872d32422bbc2caa236cfa0809') in 0.028153 seconds 
  Import took 0.039706 seconds .

========================================================================
Received Import Request.
  Time since last request: 0.000220 seconds.
  path: Assets/Platform tile pack/ArtWork/Tiles/Tileset_23.asset
  artifactKey: Guid(b6395a7246b613b4087f3209148e8a2c) Importer(815301076,1909f56bfc062723c751e8b465ee728b)
Start importing Assets/Platform tile pack/ArtWork/Tiles/Tileset_23.asset using Guid(b6395a7246b613b4087f3209148e8a2c) Importer(815301076,1909f56bfc062723c751e8b465ee728b)  -> (artifact id: 'ff0ce8be919c46de80f85551c285e3b2') in 0.017926 seconds 
  Import took 0.020735 seconds .

========================================================================
Received Import Request.
  Time since last request: 0.000265 seconds.
  path: Assets/Platform tile pack/ArtWork/Tiles/Tileset_28.asset
  artifactKey: Guid(2a9c9f904a2908c4a8fa929687241ff1) Importer(815301076,1909f56bfc062723c751e8b465ee728b)
Start importing Assets/Platform tile pack/ArtWork/Tiles/Tileset_28.asset using Guid(2a9c9f904a2908c4a8fa929687241ff1) Importer(815301076,1909f56bfc062723c751e8b465ee728b)  -> (artifact id: 'ff6d78c973339f0628488b0e5080f632') in 0.016073 seconds 
  Import took 0.026205 seconds .

========================================================================
Received Import Request.
  Time since last request: 0.000245 seconds.
  path: Assets/Platform tile pack/ArtWork/Tiles/Tileset_8.asset
  artifactKey: Guid(584f10d5841a24d45b1e5acc36c04ec2) Importer(815301076,1909f56bfc062723c751e8b465ee728b)
Start importing Assets/Platform tile pack/ArtWork/Tiles/Tileset_8.asset using Guid(584f10d5841a24d45b1e5acc36c04ec2) Importer(815301076,1909f56bfc062723c751e8b465ee728b)  -> (artifact id: '2266c90943d2e4d2fefb406fd79ddb6b') in 0.016125 seconds 
  Import took 0.019572 seconds .

========================================================================
Received Import Request.
  Time since last request: 0.000251 seconds.
  path: Assets/Platform tile pack/ArtWork/Tiles/Tileset_97.asset
  artifactKey: Guid(f25bbc3909877244593152bccfe5d961) Importer(815301076,1909f56bfc062723c751e8b465ee728b)
Start importing Assets/Platform tile pack/ArtWork/Tiles/Tileset_97.asset using Guid(f25bbc3909877244593152bccfe5d961) Importer(815301076,1909f56bfc062723c751e8b465ee728b)  -> (artifact id: 'e128d1132015ba56e41cfb39740c0e20') in 0.016664 seconds 
  Import took 0.024736 seconds .

========================================================================
Received Import Request.
  Time since last request: 0.000239 seconds.
  path: Assets/Platform tile pack/ArtWork/Tiles/Tileset_67.asset
  artifactKey: Guid(a2190a63fb0d78b4f8bdf4bd26907657) Importer(815301076,1909f56bfc062723c751e8b465ee728b)
Start importing Assets/Platform tile pack/ArtWork/Tiles/Tileset_67.asset using Guid(a2190a63fb0d78b4f8bdf4bd26907657) Importer(815301076,1909f56bfc062723c751e8b465ee728b)  -> (artifact id: '81d3b967f269c1dcb717564bb58c9ab7') in 0.015693 seconds 
  Import took 0.019020 seconds .

========================================================================
Received Import Request.
  Time since last request: 0.000273 seconds.
  path: Assets/Platform tile pack/ArtWork/Tiles/Tileset_14.asset
  artifactKey: Guid(050883a66492b754c8ec34984f4641da) Importer(815301076,1909f56bfc062723c751e8b465ee728b)
Start importing Assets/Platform tile pack/ArtWork/Tiles/Tileset_14.asset using Guid(050883a66492b754c8ec34984f4641da) Importer(815301076,1909f56bfc062723c751e8b465ee728b)  -> (artifact id: '0d7d4400807e20cd3157b0b50a040b15') in 0.014275 seconds 
  Import took 0.017436 seconds .

========================================================================
Received Import Request.
  Time since last request: 0.000230 seconds.
  path: Assets/Platform tile pack/ArtWork/Tiles/Tileset_128.asset
  artifactKey: Guid(98184f8028354184092b250212f79e69) Importer(815301076,1909f56bfc062723c751e8b465ee728b)
Start importing Assets/Platform tile pack/ArtWork/Tiles/Tileset_128.asset using Guid(98184f8028354184092b250212f79e69) Importer(815301076,1909f56bfc062723c751e8b465ee728b)  -> (artifact id: '7c5b422f7ef0c6d7cda1670fce793143') in 0.014447 seconds 
  Import took 0.018013 seconds .

========================================================================
Received Import Request.
  Time since last request: 0.000281 seconds.
  path: Assets/Platform tile pack/ArtWork/Tiles/Tileset_11.asset
  artifactKey: Guid(ac4f7f048f7e1db4cb6664d5cce61623) Importer(815301076,1909f56bfc062723c751e8b465ee728b)
Start importing Assets/Platform tile pack/ArtWork/Tiles/Tileset_11.asset using Guid(ac4f7f048f7e1db4cb6664d5cce61623) Importer(815301076,1909f56bfc062723c751e8b465ee728b)  -> (artifact id: '15d6287aecd30af427889be0e7d9e47c') in 0.017198 seconds 
  Import took 0.020377 seconds .

========================================================================
Received Import Request.
  Time since last request: 0.000217 seconds.
  path: Assets/Platform tile pack/ArtWork/Tiles/Tileset_42.asset
  artifactKey: Guid(f14995cd3618d87409102d2247ab197e) Importer(815301076,1909f56bfc062723c751e8b465ee728b)
Start importing Assets/Platform tile pack/ArtWork/Tiles/Tileset_42.asset using Guid(f14995cd3618d87409102d2247ab197e) Importer(815301076,1909f56bfc062723c751e8b465ee728b)  -> (artifact id: 'd6ad4fe95e2284bbd7e1d3c716098a27') in 0.016065 seconds 
  Import took 0.019501 seconds .

========================================================================
Received Import Request.
  Time since last request: 0.000268 seconds.
  path: Assets/Platform tile pack/ArtWork/Tiles/Tileset_39.asset
  artifactKey: Guid(e4bfa5a1087d88341bf191654927309c) Importer(815301076,1909f56bfc062723c751e8b465ee728b)
Start importing Assets/Platform tile pack/ArtWork/Tiles/Tileset_39.asset using Guid(e4bfa5a1087d88341bf191654927309c) Importer(815301076,1909f56bfc062723c751e8b465ee728b)  -> (artifact id: '91bfa2def0c056599d9160603372589a') in 0.014974 seconds 
  Import took 0.019042 seconds .

========================================================================
Received Import Request.
  Time since last request: 0.000214 seconds.
  path: Assets/Platform tile pack/ArtWork/Tiles/Tileset_70.asset
  artifactKey: Guid(2fd6dbd7310e185409f73f48131ca6f4) Importer(815301076,1909f56bfc062723c751e8b465ee728b)
Start importing Assets/Platform tile pack/ArtWork/Tiles/Tileset_70.asset using Guid(2fd6dbd7310e185409f73f48131ca6f4) Importer(815301076,1909f56bfc062723c751e8b465ee728b)  -> (artifact id: 'e038c110c4447d5e86fccde91334c843') in 0.015739 seconds 
  Import took 0.018668 seconds .

========================================================================
Received Import Request.
  Time since last request: 0.000228 seconds.
  path: Assets/Platform tile pack/ArtWork/Tiles/Tileset_133.asset
  artifactKey: Guid(558c615ad5373644a8dae77ac1505db0) Importer(815301076,1909f56bfc062723c751e8b465ee728b)
Start importing Assets/Platform tile pack/ArtWork/Tiles/Tileset_133.asset using Guid(558c615ad5373644a8dae77ac1505db0) Importer(815301076,1909f56bfc062723c751e8b465ee728b)  -> (artifact id: '260da0734a09f8ec2eb21e079ff7ccd1') in 0.016871 seconds 
  Import took 0.019744 seconds .

========================================================================
Received Import Request.
  Time since last request: 0.000228 seconds.
  path: Assets/Platform tile pack/ArtWork/Tiles/Tileset_32.asset
  artifactKey: Guid(2d3e4821c0602b743befc71849a70192) Importer(815301076,1909f56bfc062723c751e8b465ee728b)
Start importing Assets/Platform tile pack/ArtWork/Tiles/Tileset_32.asset using Guid(2d3e4821c0602b743befc71849a70192) Importer(815301076,1909f56bfc062723c751e8b465ee728b)  -> (artifact id: '6b9e4891eb71a82d62b5dd16dbc157dc') in 0.015969 seconds 
  Import took 0.018898 seconds .

========================================================================
Received Import Request.
  Time since last request: 0.000218 seconds.
  path: Assets/Platform tile pack/ArtWork/Tiles/Tileset_77.asset
  artifactKey: Guid(8c531b01e0f63654b9f3e8613943aa15) Importer(815301076,1909f56bfc062723c751e8b465ee728b)
Start importing Assets/Platform tile pack/ArtWork/Tiles/Tileset_77.asset using Guid(8c531b01e0f63654b9f3e8613943aa15) Importer(815301076,1909f56bfc062723c751e8b465ee728b)  -> (artifact id: 'dfb297a083dd70c79e87310a0e570dab') in 0.017179 seconds 
  Import took 0.020626 seconds .

========================================================================
Received Import Request.
  Time since last request: 0.000210 seconds.
  path: Assets/Platform tile pack/ArtWork/Tiles/Tileset_54.asset
  artifactKey: Guid(ef3749ed749d0984d99b94e6ea0218b0) Importer(815301076,1909f56bfc062723c751e8b465ee728b)
Start importing Assets/Platform tile pack/ArtWork/Tiles/Tileset_54.asset using Guid(ef3749ed749d0984d99b94e6ea0218b0) Importer(815301076,1909f56bfc062723c751e8b465ee728b)  -> (artifact id: '22cedabc86510fa9757f90ebbb5ee28e') in 0.017763 seconds 
  Import took 0.023787 seconds .

========================================================================
Received Import Request.
  Time since last request: 0.000235 seconds.
  path: Assets/Platform tile pack/ArtWork/Tiles/Tileset_114.asset
  artifactKey: Guid(6c9a4285c48df6b4eb3c1ee1d2f1f1a4) Importer(815301076,1909f56bfc062723c751e8b465ee728b)
Start importing Assets/Platform tile pack/ArtWork/Tiles/Tileset_114.asset using Guid(6c9a4285c48df6b4eb3c1ee1d2f1f1a4) Importer(815301076,1909f56bfc062723c751e8b465ee728b)  -> (artifact id: 'df33c4394b6c1e99d93347660158c435') in 0.015741 seconds 
  Import took 0.019227 seconds .

========================================================================
Received Import Request.
  Time since last request: 0.000219 seconds.
  path: Assets/Platform tile pack/ArtWork/Tiles/Tileset_137.asset
  artifactKey: Guid(c063982caf8b3a1439bf7a3af0b74c80) Importer(815301076,1909f56bfc062723c751e8b465ee728b)
Start importing Assets/Platform tile pack/ArtWork/Tiles/Tileset_137.asset using Guid(c063982caf8b3a1439bf7a3af0b74c80) Importer(815301076,1909f56bfc062723c751e8b465ee728b)  -> (artifact id: '3d3b76d956486fb467e41852fd975e62') in 0.017714 seconds 
  Import took 0.021132 seconds .

========================================================================
Received Import Request.
  Time since last request: 0.000255 seconds.
  path: Assets/Platform tile pack/ArtWork/Tiles/Tileset_4.asset
  artifactKey: Guid(fd21828b4d65260479ee9eda7fa891eb) Importer(815301076,1909f56bfc062723c751e8b465ee728b)
Start importing Assets/Platform tile pack/ArtWork/Tiles/Tileset_4.asset using Guid(fd21828b4d65260479ee9eda7fa891eb) Importer(815301076,1909f56bfc062723c751e8b465ee728b)  -> (artifact id: 'efc4b2e441668880ca4052bb7e91670e') in 0.016160 seconds 
  Import took 0.024986 seconds .

========================================================================
Received Import Request.
  Time since last request: 0.000237 seconds.
  path: Assets/Platform tile pack/ArtWork/Tiles/Tileset_107.asset
  artifactKey: Guid(1bd87f225e518ca458fc312cc8a430e9) Importer(815301076,1909f56bfc062723c751e8b465ee728b)
Start importing Assets/Platform tile pack/ArtWork/Tiles/Tileset_107.asset using Guid(1bd87f225e518ca458fc312cc8a430e9) Importer(815301076,1909f56bfc062723c751e8b465ee728b)  -> (artifact id: 'c767952e40eece0d8a8607cfe8d7c529') in 0.016430 seconds 
  Import took 0.020325 seconds .

========================================================================
Received Import Request.
  Time since last request: 0.000222 seconds.
  path: Assets/Platform tile pack/ArtWork/Tiles/Tileset_15.asset
  artifactKey: Guid(443768aacc0d2614aab7c6a87fe55d85) Importer(815301076,1909f56bfc062723c751e8b465ee728b)
Start importing Assets/Platform tile pack/ArtWork/Tiles/Tileset_15.asset using Guid(443768aacc0d2614aab7c6a87fe55d85) Importer(815301076,1909f56bfc062723c751e8b465ee728b)  -> (artifact id: '9d152e1ae40fa9d2c226230dec44b29e') in 0.016764 seconds 
  Import took 0.019674 seconds .

========================================================================
Received Import Request.
  Time since last request: 0.000245 seconds.
  path: Assets/Platform tile pack/ArtWork/Tiles/Tileset_100.asset
  artifactKey: Guid(1ce35457d4ed80049ad1ea9c985528d7) Importer(815301076,1909f56bfc062723c751e8b465ee728b)
Start importing Assets/Platform tile pack/ArtWork/Tiles/Tileset_100.asset using Guid(1ce35457d4ed80049ad1ea9c985528d7) Importer(815301076,1909f56bfc062723c751e8b465ee728b)  -> (artifact id: '0b1fdbb731ced3c2f50fa51c79c44c76') in 0.016815 seconds 
  Import took 0.020838 seconds .

========================================================================
Received Import Request.
  Time since last request: 0.000395 seconds.
  path: Assets/Platform tile pack/ArtWork/Tiles/Tileset_3.asset
  artifactKey: Guid(554275350ef5f9a45b17b3ef2702f579) Importer(815301076,1909f56bfc062723c751e8b465ee728b)
Start importing Assets/Platform tile pack/ArtWork/Tiles/Tileset_3.asset using Guid(554275350ef5f9a45b17b3ef2702f579) Importer(815301076,1909f56bfc062723c751e8b465ee728b)  -> (artifact id: 'e35bccaaef8837f6a2d935e648391369') in 0.020444 seconds 
  Import took 0.028928 seconds .

========================================================================
Received Import Request.
  Time since last request: 0.000268 seconds.
  path: Assets/Platform tile pack/ArtWork/Tiles/Tileset_33.asset
  artifactKey: Guid(e58e50e98ffe32748a0a8ecd5a736e19) Importer(815301076,1909f56bfc062723c751e8b465ee728b)
Start importing Assets/Platform tile pack/ArtWork/Tiles/Tileset_33.asset using Guid(e58e50e98ffe32748a0a8ecd5a736e19) Importer(815301076,1909f56bfc062723c751e8b465ee728b)  -> (artifact id: 'fab4dd39e8288562dd6cdcf851a1cf94') in 0.018179 seconds 
  Import took 0.025609 seconds .

========================================================================
Received Import Request.
  Time since last request: 0.000219 seconds.
  path: Assets/Platform tile pack/ArtWork/Tiles/Tileset_112.asset
  artifactKey: Guid(5977ea0573cc6b544be8f0a89d5af90a) Importer(815301076,1909f56bfc062723c751e8b465ee728b)
Start importing Assets/Platform tile pack/ArtWork/Tiles/Tileset_112.asset using Guid(5977ea0573cc6b544be8f0a89d5af90a) Importer(815301076,1909f56bfc062723c751e8b465ee728b)  -> (artifact id: '45573ccc54245e86ffb5e2749cb77d8d') in 0.016914 seconds 
  Import took 0.021001 seconds .

========================================================================
Received Import Request.
  Time since last request: 0.000254 seconds.
  path: Assets/Platform tile pack/ArtWork/Tiles/Tileset_139.asset
  artifactKey: Guid(4a76698ebb7921f468ad461fd79b3bbd) Importer(815301076,1909f56bfc062723c751e8b465ee728b)
Start importing Assets/Platform tile pack/ArtWork/Tiles/Tileset_139.asset using Guid(4a76698ebb7921f468ad461fd79b3bbd) Importer(815301076,1909f56bfc062723c751e8b465ee728b)  -> (artifact id: 'd8e4d8e8e9a6e2d74133785e5e2ac6c2') in 0.017832 seconds 
  Import took 0.021235 seconds .

========================================================================
Received Import Request.
  Time since last request: 0.000242 seconds.
  path: Assets/Platform tile pack/ArtWork/Tiles/Tileset_117.asset
  artifactKey: Guid(31e3443f0fbd48d40926276101e64cc3) Importer(815301076,1909f56bfc062723c751e8b465ee728b)
Start importing Assets/Platform tile pack/ArtWork/Tiles/Tileset_117.asset using Guid(31e3443f0fbd48d40926276101e64cc3) Importer(815301076,1909f56bfc062723c751e8b465ee728b)  -> (artifact id: '07ddccd8904ffb2a1bfb0eb675c3bdd9') in 0.015762 seconds 
  Import took 0.019383 seconds .

========================================================================
Received Import Request.
  Time since last request: 0.000254 seconds.
  path: Assets/Platform tile pack/ArtWork/Tiles/Tileset_53.asset
  artifactKey: Guid(03bf8c13ecc818c4db8c46e4318df40f) Importer(815301076,1909f56bfc062723c751e8b465ee728b)
Start importing Assets/Platform tile pack/ArtWork/Tiles/Tileset_53.asset using Guid(03bf8c13ecc818c4db8c46e4318df40f) Importer(815301076,1909f56bfc062723c751e8b465ee728b)  -> (artifact id: '5ef05fcd93f41c2c7735de662a3f2c85') in 0.017404 seconds 
  Import took 0.020600 seconds .

========================================================================
Received Import Request.
  Time since last request: 0.000235 seconds.
  path: Assets/Platform tile pack/ArtWork/Tiles/Tileset_111.asset
  artifactKey: Guid(03fb9df121cf6fa4ead5fc866902a797) Importer(815301076,1909f56bfc062723c751e8b465ee728b)
Start importing Assets/Platform tile pack/ArtWork/Tiles/Tileset_111.asset using Guid(03fb9df121cf6fa4ead5fc866902a797) Importer(815301076,1909f56bfc062723c751e8b465ee728b)  -> (artifact id: '78a83333046b713ef0c13b8ebe9e19b4') in 0.015993 seconds 
  Import took 0.018889 seconds .

========================================================================
Received Import Request.
  Time since last request: 0.000234 seconds.
  path: Assets/Platform tile pack/ArtWork/Tiles/Tileset_135.asset
  artifactKey: Guid(4961c3a71a3032a47b151658be21b536) Importer(815301076,1909f56bfc062723c751e8b465ee728b)
Start importing Assets/Platform tile pack/ArtWork/Tiles/Tileset_135.asset using Guid(4961c3a71a3032a47b151658be21b536) Importer(815301076,1909f56bfc062723c751e8b465ee728b)  -> (artifact id: '0b4686d1ebfa4b6e7064da2a774cf97b') in 0.017030 seconds 
  Import took 0.020023 seconds .

========================================================================
Received Import Request.
  Time since last request: 0.000236 seconds.
  path: Assets/Platform tile pack/ArtWork/Tiles/Tileset_138.asset
  artifactKey: Guid(2bbf4b1308a363f4d807a74643371d4c) Importer(815301076,1909f56bfc062723c751e8b465ee728b)
Start importing Assets/Platform tile pack/ArtWork/Tiles/Tileset_138.asset using Guid(2bbf4b1308a363f4d807a74643371d4c) Importer(815301076,1909f56bfc062723c751e8b465ee728b)  -> (artifact id: '543e49becae492d7066c98cd09aa7e6d') in 0.016284 seconds 
  Import took 0.020156 seconds .

========================================================================
Received Import Request.
  Time since last request: 0.000268 seconds.
  path: Assets/Platform tile pack/ArtWork/Tiles/Tileset_29.asset
  artifactKey: Guid(3901eba1aba965b449e097d09f015f42) Importer(815301076,1909f56bfc062723c751e8b465ee728b)
Start importing Assets/Platform tile pack/ArtWork/Tiles/Tileset_29.asset using Guid(3901eba1aba965b449e097d09f015f42) Importer(815301076,1909f56bfc062723c751e8b465ee728b)  -> (artifact id: 'b004f880b2f6357720c1ad8301854015') in 0.017912 seconds 
  Import took 0.020902 seconds .

========================================================================
Received Import Request.
  Time since last request: 0.000258 seconds.
  path: Assets/Platform tile pack/ArtWork/Tiles/Tileset_72.asset
  artifactKey: Guid(e0e489981a851d3429c2f446c3591add) Importer(815301076,1909f56bfc062723c751e8b465ee728b)
Start importing Assets/Platform tile pack/ArtWork/Tiles/Tileset_72.asset using Guid(e0e489981a851d3429c2f446c3591add) Importer(815301076,1909f56bfc062723c751e8b465ee728b)  -> (artifact id: '6b0ca7c37f2dd4c51f108b516cf082d2') in 0.017732 seconds 
  Import took 0.020735 seconds .

========================================================================
Received Import Request.
  Time since last request: 0.000255 seconds.
  path: Assets/Platform tile pack/ArtWork/Tiles/Tileset_44.asset
  artifactKey: Guid(d0d89854bd5333247bf175a16ae58e0c) Importer(815301076,1909f56bfc062723c751e8b465ee728b)
Start importing Assets/Platform tile pack/ArtWork/Tiles/Tileset_44.asset using Guid(d0d89854bd5333247bf175a16ae58e0c) Importer(815301076,1909f56bfc062723c751e8b465ee728b)  -> (artifact id: 'fa5ed4acc71e5d3642a90d0144003f9a') in 0.016400 seconds 
  Import took 0.020113 seconds .

========================================================================
Received Import Request.
  Time since last request: 0.000239 seconds.
  path: Assets/Platform tile pack/ArtWork/Tiles/Tileset_16.asset
  artifactKey: Guid(53a63154ced0e884086f50d42d2c9d98) Importer(815301076,1909f56bfc062723c751e8b465ee728b)
Start importing Assets/Platform tile pack/ArtWork/Tiles/Tileset_16.asset using Guid(53a63154ced0e884086f50d42d2c9d98) Importer(815301076,1909f56bfc062723c751e8b465ee728b)  -> (artifact id: 'e7e4ea6c568d63ad4c1084aadca45dc0') in 0.015921 seconds 
  Import took 0.019561 seconds .

========================================================================
Received Import Request.
  Time since last request: 0.000258 seconds.
  path: Assets/Platform tile pack/ArtWork/Tiles/Tileset_22.asset
  artifactKey: Guid(c510882f61007004588f8d5398567543) Importer(815301076,1909f56bfc062723c751e8b465ee728b)
Start importing Assets/Platform tile pack/ArtWork/Tiles/Tileset_22.asset using Guid(c510882f61007004588f8d5398567543) Importer(815301076,1909f56bfc062723c751e8b465ee728b)  -> (artifact id: '1d07af72d9262ece8ad10ef3906a470c') in 0.014448 seconds 
  Import took 0.023541 seconds .

========================================================================
Received Import Request.
  Time since last request: 0.000234 seconds.
  path: Assets/Platform tile pack/ArtWork/Tiles/Tileset_26.asset
  artifactKey: Guid(7fa0dc51a2d3aa247867cb7c52eafcfd) Importer(815301076,1909f56bfc062723c751e8b465ee728b)
Start importing Assets/Platform tile pack/ArtWork/Tiles/Tileset_26.asset using Guid(7fa0dc51a2d3aa247867cb7c52eafcfd) Importer(815301076,1909f56bfc062723c751e8b465ee728b)  -> (artifact id: 'a90cc5eeac68130f2b1f011db7f4ff3a') in 0.017949 seconds 
  Import took 0.020937 seconds .

========================================================================
Received Import Request.
  Time since last request: 0.000226 seconds.
  path: Assets/Platform tile pack/ArtWork/Tiles/Tileset_50.asset
  artifactKey: Guid(8f4bfaa938833c94bb5cb3f6d8de641d) Importer(815301076,1909f56bfc062723c751e8b465ee728b)
Start importing Assets/Platform tile pack/ArtWork/Tiles/Tileset_50.asset using Guid(8f4bfaa938833c94bb5cb3f6d8de641d) Importer(815301076,1909f56bfc062723c751e8b465ee728b)  -> (artifact id: 'dc37deb9290bdd621698e1fd76b45691') in 0.016737 seconds 
  Import took 0.020631 seconds .

========================================================================
Received Import Request.
  Time since last request: 0.000244 seconds.
  path: Assets/Platform tile pack/ArtWork/Tiles/Tileset_21.asset
  artifactKey: Guid(59714d4ab8f02c349a336d508a58d792) Importer(815301076,1909f56bfc062723c751e8b465ee728b)
Start importing Assets/Platform tile pack/ArtWork/Tiles/Tileset_21.asset using Guid(59714d4ab8f02c349a336d508a58d792) Importer(815301076,1909f56bfc062723c751e8b465ee728b)  -> (artifact id: 'f2b487b8fd30ae929839633c7461c2c2') in 0.015780 seconds 
  Import took 0.020201 seconds .

========================================================================
Received Import Request.
  Time since last request: 0.000241 seconds.
  path: Assets/Platform tile pack/ArtWork/Tiles/Tileset_55.asset
  artifactKey: Guid(4f94ae742d6156a4884cee90b7abf97e) Importer(815301076,1909f56bfc062723c751e8b465ee728b)
Start importing Assets/Platform tile pack/ArtWork/Tiles/Tileset_55.asset using Guid(4f94ae742d6156a4884cee90b7abf97e) Importer(815301076,1909f56bfc062723c751e8b465ee728b)  -> (artifact id: '9d961cba7067c62d4e11006f22617016') in 0.018438 seconds 
  Import took 0.022597 seconds .

========================================================================
Received Import Request.
  Time since last request: 0.000309 seconds.
  path: Assets/Platform tile pack/ArtWork/Tiles/Tileset_35.asset
  artifactKey: Guid(161b264981e540842a3509b3646d59b4) Importer(815301076,1909f56bfc062723c751e8b465ee728b)
Start importing Assets/Platform tile pack/ArtWork/Tiles/Tileset_35.asset using Guid(161b264981e540842a3509b3646d59b4) Importer(815301076,1909f56bfc062723c751e8b465ee728b)  -> (artifact id: '60586db2cfb49297cad8e5254c56a53a') in 0.018279 seconds 
  Import took 0.021381 seconds .

========================================================================
Received Import Request.
  Time since last request: 0.000280 seconds.
  path: Assets/Platform tile pack/ArtWork/Tiles/Tileset_34.asset
  artifactKey: Guid(c0dd572e57542764a9ac0ba7da6ef41c) Importer(815301076,1909f56bfc062723c751e8b465ee728b)
Start importing Assets/Platform tile pack/ArtWork/Tiles/Tileset_34.asset using Guid(c0dd572e57542764a9ac0ba7da6ef41c) Importer(815301076,1909f56bfc062723c751e8b465ee728b)  -> (artifact id: '33bcc7cfe9bdac40116a3e1da3c97a58') in 0.019816 seconds 
  Import took 0.023779 seconds .

========================================================================
Received Import Request.
  Time since last request: 0.000265 seconds.
  path: Assets/Platform tile pack/ArtWork/Tiles/Tileset_17.asset
  artifactKey: Guid(d97e0ad8e45ea3e4c815039fd39ab695) Importer(815301076,1909f56bfc062723c751e8b465ee728b)
Start importing Assets/Platform tile pack/ArtWork/Tiles/Tileset_17.asset using Guid(d97e0ad8e45ea3e4c815039fd39ab695) Importer(815301076,1909f56bfc062723c751e8b465ee728b)  -> (artifact id: '1d9adf672ea4532ea6496e9d07c13cc2') in 0.016570 seconds 
  Import took 0.020935 seconds .

========================================================================
Received Import Request.
  Time since last request: 0.000228 seconds.
  path: Assets/Platform tile pack/ArtWork/Tiles/Tileset_71.asset
  artifactKey: Guid(5f25d0d7c55bfa0489f10a7e89d9bfd5) Importer(815301076,1909f56bfc062723c751e8b465ee728b)
Start importing Assets/Platform tile pack/ArtWork/Tiles/Tileset_71.asset using Guid(5f25d0d7c55bfa0489f10a7e89d9bfd5) Importer(815301076,1909f56bfc062723c751e8b465ee728b)  -> (artifact id: '07b0305fe9346ad5fa93f1fb0832ac48') in 0.016727 seconds 
  Import took 0.020874 seconds .

========================================================================
Received Import Request.
  Time since last request: 0.000213 seconds.
  path: Assets/Platform tile pack/ArtWork/Tiles/Tileset_56.asset
  artifactKey: Guid(ef5791e65c27e8745b3d92a7b5b7d977) Importer(815301076,1909f56bfc062723c751e8b465ee728b)
Start importing Assets/Platform tile pack/ArtWork/Tiles/Tileset_56.asset using Guid(ef5791e65c27e8745b3d92a7b5b7d977) Importer(815301076,1909f56bfc062723c751e8b465ee728b)  -> (artifact id: 'a9373905876c737e5862848f4ec3a353') in 0.015440 seconds 
  Import took 0.022165 seconds .

========================================================================
Received Import Request.
  Time since last request: 0.000203 seconds.
  path: Assets/Platform tile pack/ArtWork/Tiles/Tileset_0.asset
  artifactKey: Guid(e75dfab64b09f364cb5a41289e50fc9a) Importer(815301076,1909f56bfc062723c751e8b465ee728b)
Start importing Assets/Platform tile pack/ArtWork/Tiles/Tileset_0.asset using Guid(e75dfab64b09f364cb5a41289e50fc9a) Importer(815301076,1909f56bfc062723c751e8b465ee728b)  -> (artifact id: '71b3106782795deb53bcc368e49abe9f') in 0.016795 seconds 
  Import took 0.020306 seconds .

========================================================================
Received Import Request.
  Time since last request: 0.000242 seconds.
  path: Assets/Platform tile pack/ArtWork/Tiles/Tileset_131.asset
  artifactKey: Guid(5c086bd495d6d8040a35341ca704a665) Importer(815301076,1909f56bfc062723c751e8b465ee728b)
Start importing Assets/Platform tile pack/ArtWork/Tiles/Tileset_131.asset using Guid(5c086bd495d6d8040a35341ca704a665) Importer(815301076,1909f56bfc062723c751e8b465ee728b)  -> (artifact id: '29789f405344bf46ae10876a92012aa4') in 0.016260 seconds 
  Import took 0.019701 seconds .

========================================================================
Received Import Request.
  Time since last request: 0.000226 seconds.
  path: Assets/Platform tile pack/ArtWork/Tiles/Tileset_64.asset
  artifactKey: Guid(5d36cabca48851742898ee1e63481b78) Importer(815301076,1909f56bfc062723c751e8b465ee728b)
Start importing Assets/Platform tile pack/ArtWork/Tiles/Tileset_64.asset using Guid(5d36cabca48851742898ee1e63481b78) Importer(815301076,1909f56bfc062723c751e8b465ee728b)  -> (artifact id: 'b985c34952e7e402ee2294899de11979') in 0.017225 seconds 
  Import took 0.020862 seconds .

========================================================================
Received Import Request.
  Time since last request: 0.000230 seconds.
  path: Assets/Platform tile pack/ArtWork/Tiles/Tileset_36.asset
  artifactKey: Guid(5c3c5235aea01414a8c4d23ba380a65c) Importer(815301076,1909f56bfc062723c751e8b465ee728b)
Start importing Assets/Platform tile pack/ArtWork/Tiles/Tileset_36.asset using Guid(5c3c5235aea01414a8c4d23ba380a65c) Importer(815301076,1909f56bfc062723c751e8b465ee728b)  -> (artifact id: 'e45e2b67ff7eb54d5a64daa27af8d162') in 0.018770 seconds 
  Import took 0.021759 seconds .

========================================================================
Received Import Request.
  Time since last request: 0.000200 seconds.
  path: Assets/Platform tile pack/ArtWork/Tiles/Tileset_120.asset
  artifactKey: Guid(6ae5dc93451f2274bbf83dca5df8bdd9) Importer(815301076,1909f56bfc062723c751e8b465ee728b)
Start importing Assets/Platform tile pack/ArtWork/Tiles/Tileset_120.asset using Guid(6ae5dc93451f2274bbf83dca5df8bdd9) Importer(815301076,1909f56bfc062723c751e8b465ee728b)  -> (artifact id: '1bd5910a376db80cd163054a579a704a') in 0.016647 seconds 
  Import took 0.019991 seconds .

========================================================================
Received Import Request.
  Time since last request: 0.000205 seconds.
  path: Assets/Platform tile pack/ArtWork/Tiles/Tileset_74.asset
  artifactKey: Guid(44f9bd91932c9f24999bb82e5b9025eb) Importer(815301076,1909f56bfc062723c751e8b465ee728b)
Start importing Assets/Platform tile pack/ArtWork/Tiles/Tileset_74.asset using Guid(44f9bd91932c9f24999bb82e5b9025eb) Importer(815301076,1909f56bfc062723c751e8b465ee728b)  -> (artifact id: '4d5e53c87887f86e55ec5c059da019d6') in 0.016369 seconds 
  Import took 0.019575 seconds .

========================================================================
Received Import Request.
  Time since last request: 0.000197 seconds.
  path: Assets/Platform tile pack/ArtWork/Tiles/Tileset_143.asset
  artifactKey: Guid(5a8899f046a84a5459d904e506c5bf60) Importer(815301076,1909f56bfc062723c751e8b465ee728b)
Start importing Assets/Platform tile pack/ArtWork/Tiles/Tileset_143.asset using Guid(5a8899f046a84a5459d904e506c5bf60) Importer(815301076,1909f56bfc062723c751e8b465ee728b)  -> (artifact id: '1061716131e75104a6dbc8886f8f6af9') in 0.051361 seconds 
  Import took 0.113409 seconds .

========================================================================
Received Import Request.
  Time since last request: 0.000279 seconds.
  path: Assets/Platform tile pack/ArtWork/Tiles/Tileset_127.asset
  artifactKey: Guid(6335a23f3c8314943850cd52b798c818) Importer(815301076,1909f56bfc062723c751e8b465ee728b)
Start importing Assets/Platform tile pack/ArtWork/Tiles/Tileset_127.asset using Guid(6335a23f3c8314943850cd52b798c818) Importer(815301076,1909f56bfc062723c751e8b465ee728b)  -> (artifact id: '9edadb56e16c1ec1d47cfded2c2d49cd') in 0.018394 seconds 
  Import took 0.021988 seconds .

========================================================================
Received Import Request.
  Time since last request: 0.000258 seconds.
  path: Assets/Platform tile pack/ArtWork/Tiles/Tileset_129.asset
  artifactKey: Guid(4f3ec3cf03117694091a02c3bb0878da) Importer(815301076,1909f56bfc062723c751e8b465ee728b)
Start importing Assets/Platform tile pack/ArtWork/Tiles/Tileset_129.asset using Guid(4f3ec3cf03117694091a02c3bb0878da) Importer(815301076,1909f56bfc062723c751e8b465ee728b)  -> (artifact id: '623c117ac061d81247604496dd17179f') in 0.019366 seconds 
  Import took 0.023513 seconds .

========================================================================
Received Import Request.
  Time since last request: 0.000243 seconds.
  path: Assets/Platform tile pack/ArtWork/Tiles/Tileset_45.asset
  artifactKey: Guid(212b675a2f56fe3489f9036963963ee1) Importer(815301076,1909f56bfc062723c751e8b465ee728b)
Start importing Assets/Platform tile pack/ArtWork/Tiles/Tileset_45.asset using Guid(212b675a2f56fe3489f9036963963ee1) Importer(815301076,1909f56bfc062723c751e8b465ee728b)  -> (artifact id: 'ece9ad592c4fce2595b8aff0345e53b5') in 0.017548 seconds 
  Import took 0.047420 seconds .

========================================================================
Received Import Request.
  Time since last request: 0.000334 seconds.
  path: Assets/Platform tile pack/ArtWork/Tiles/Tileset_9.asset
  artifactKey: Guid(a71ac8a35a8b09f4dbf12a3362277f76) Importer(815301076,1909f56bfc062723c751e8b465ee728b)
Start importing Assets/Platform tile pack/ArtWork/Tiles/Tileset_9.asset using Guid(a71ac8a35a8b09f4dbf12a3362277f76) Importer(815301076,1909f56bfc062723c751e8b465ee728b)  -> (artifact id: '9bd355f6283abd5e6a4d56750d427f0a') in 0.016886 seconds 
  Import took 0.047450 seconds .

========================================================================
Received Import Request.
  Time since last request: 0.000222 seconds.
  path: Assets/Platform tile pack/ArtWork/Tiles/Tileset_87.asset
  artifactKey: Guid(4e7a824772fdc3844bb48b3897cc7230) Importer(815301076,1909f56bfc062723c751e8b465ee728b)
Start importing Assets/Platform tile pack/ArtWork/Tiles/Tileset_87.asset using Guid(4e7a824772fdc3844bb48b3897cc7230) Importer(815301076,1909f56bfc062723c751e8b465ee728b)  -> (artifact id: '9767004df43afb56fe44a38c4cb492ec') in 0.031592 seconds 
  Import took 0.035341 seconds .

========================================================================
Received Import Request.
  Time since last request: 0.000436 seconds.
  path: Assets/Platform tile pack/ArtWork/Tiles/Tileset_37.asset
  artifactKey: Guid(21e2c297d67d52a42a7f475fab98fdec) Importer(815301076,1909f56bfc062723c751e8b465ee728b)
Start importing Assets/Platform tile pack/ArtWork/Tiles/Tileset_37.asset using Guid(21e2c297d67d52a42a7f475fab98fdec) Importer(815301076,1909f56bfc062723c751e8b465ee728b)  -> (artifact id: '6da57c1fd3153193c27cddd2c14dba68') in 0.017421 seconds 
  Import took 0.021265 seconds .

========================================================================
Received Import Request.
  Time since last request: 0.000318 seconds.
  path: Assets/Platform tile pack/ArtWork/Tiles/Tileset_49.asset
  artifactKey: Guid(ea575859c80782f41aaca39fe4c19ebe) Importer(815301076,1909f56bfc062723c751e8b465ee728b)
Start importing Assets/Platform tile pack/ArtWork/Tiles/Tileset_49.asset using Guid(ea575859c80782f41aaca39fe4c19ebe) Importer(815301076,1909f56bfc062723c751e8b465ee728b)  -> (artifact id: '714df57d5f63be0b1afabc4bda96070c') in 0.016848 seconds 
  Import took 0.019765 seconds .

========================================================================
Received Import Request.
  Time since last request: 0.000230 seconds.
  path: Assets/Platform tile pack/ArtWork/Tiles/Tileset_119.asset
  artifactKey: Guid(fe195da2c5ff07748b3c389d3db96923) Importer(815301076,1909f56bfc062723c751e8b465ee728b)
Start importing Assets/Platform tile pack/ArtWork/Tiles/Tileset_119.asset using Guid(fe195da2c5ff07748b3c389d3db96923) Importer(815301076,1909f56bfc062723c751e8b465ee728b)  -> (artifact id: '9c29edd5723be7f760a85a5fe06a1c53') in 0.018785 seconds 
  Import took 0.023135 seconds .

========================================================================
Received Import Request.
  Time since last request: 0.000209 seconds.
  path: Assets/Platform tile pack/ArtWork/Tiles/Tileset_69.asset
  artifactKey: Guid(cb45fa115bfec3348b8c86d6c5d7fbdc) Importer(815301076,1909f56bfc062723c751e8b465ee728b)
Start importing Assets/Platform tile pack/ArtWork/Tiles/Tileset_69.asset using Guid(cb45fa115bfec3348b8c86d6c5d7fbdc) Importer(815301076,1909f56bfc062723c751e8b465ee728b)  -> (artifact id: '08a5a716538afaee9b1a2142634072a8') in 0.017219 seconds 
  Import took 0.021093 seconds .

========================================================================
Received Import Request.
  Time since last request: 0.000206 seconds.
  path: Assets/Platform tile pack/ArtWork/Tiles/Tileset_142.asset
  artifactKey: Guid(22c248f56a0513f4da226e34ee02e2c3) Importer(815301076,1909f56bfc062723c751e8b465ee728b)
Start importing Assets/Platform tile pack/ArtWork/Tiles/Tileset_142.asset using Guid(22c248f56a0513f4da226e34ee02e2c3) Importer(815301076,1909f56bfc062723c751e8b465ee728b)  -> (artifact id: '6c8468fcc08b635e4947d52c2b6a0088') in 0.016230 seconds 
  Import took 0.019618 seconds .

========================================================================
Received Import Request.
  Time since last request: 0.000226 seconds.
  path: Assets/Platform tile pack/ArtWork/Tiles/Tileset_2.asset
  artifactKey: Guid(fd23352cb7ddd394395a27114adbaebe) Importer(815301076,1909f56bfc062723c751e8b465ee728b)
Start importing Assets/Platform tile pack/ArtWork/Tiles/Tileset_2.asset using Guid(fd23352cb7ddd394395a27114adbaebe) Importer(815301076,1909f56bfc062723c751e8b465ee728b)  -> (artifact id: '927e9fb792cd86d62276844ff411594c') in 0.018332 seconds 
  Import took 0.055522 seconds .

========================================================================
Received Import Request.
  Time since last request: 0.000196 seconds.
  path: Assets/Platform tile pack/ArtWork/Tiles/Tileset_12.asset
  artifactKey: Guid(86f190d72d1652c45948f2dfe388b9aa) Importer(815301076,1909f56bfc062723c751e8b465ee728b)
Start importing Assets/Platform tile pack/ArtWork/Tiles/Tileset_12.asset using Guid(86f190d72d1652c45948f2dfe388b9aa) Importer(815301076,1909f56bfc062723c751e8b465ee728b)  -> (artifact id: 'b360df070d51e395c5022d0cf189ec0c') in 0.018593 seconds 
  Import took 0.023679 seconds .

========================================================================
Received Import Request.
  Time since last request: 0.000201 seconds.
  path: Assets/Platform tile pack/ArtWork/Tiles/Tileset_40.asset
  artifactKey: Guid(318b928f7b945de4f928bce627770cfc) Importer(815301076,1909f56bfc062723c751e8b465ee728b)
Start importing Assets/Platform tile pack/ArtWork/Tiles/Tileset_40.asset using Guid(318b928f7b945de4f928bce627770cfc) Importer(815301076,1909f56bfc062723c751e8b465ee728b)  -> (artifact id: '12aa5972a800ceadfa269a4fce530090') in 0.020728 seconds 
  Import took 0.025007 seconds .

========================================================================
Received Import Request.
  Time since last request: 0.000090 seconds.
  path: Assets/Platform tile pack/ArtWork/Tiles/Tileset_136.asset
  artifactKey: Guid(ceda6f0d65997e44798b592a507e481e) Importer(815301076,1909f56bfc062723c751e8b465ee728b)
Start importing Assets/Platform tile pack/ArtWork/Tiles/Tileset_136.asset using Guid(ceda6f0d65997e44798b592a507e481e) Importer(815301076,1909f56bfc062723c751e8b465ee728b)  -> (artifact id: 'a58004c445d18fe9fbfb6e6ebcaeeaa3') in 0.018582 seconds 
  Import took 0.024243 seconds .

========================================================================
Received Import Request.
  Time since last request: 0.000203 seconds.
  path: Assets/Platform tile pack/ArtWork/Tiles/Tileset_123.asset
  artifactKey: Guid(184890cf32e77f24d92af4da4d945a5e) Importer(815301076,1909f56bfc062723c751e8b465ee728b)
Start importing Assets/Platform tile pack/ArtWork/Tiles/Tileset_123.asset using Guid(184890cf32e77f24d92af4da4d945a5e) Importer(815301076,1909f56bfc062723c751e8b465ee728b)  -> (artifact id: '2767165fbd3284b77d74d5c743e90c37') in 0.018159 seconds 
  Import took 0.022225 seconds .

========================================================================
Received Import Request.
  Time since last request: 0.000277 seconds.
  path: Assets/Platform tile pack/ArtWork/Tiles/Tileset_48.asset
  artifactKey: Guid(c5c9b8bd09afca4458f85a98c693b929) Importer(815301076,1909f56bfc062723c751e8b465ee728b)
Start importing Assets/Platform tile pack/ArtWork/Tiles/Tileset_48.asset using Guid(c5c9b8bd09afca4458f85a98c693b929) Importer(815301076,1909f56bfc062723c751e8b465ee728b)  -> (artifact id: '70b20ef53ce745177d6dff55118b768c') in 0.020396 seconds 
  Import took 0.024001 seconds .

========================================================================
Received Import Request.
  Time since last request: 0.000248 seconds.
  path: Assets/Platform tile pack/ArtWork/Tiles/Tileset_99.asset
  artifactKey: Guid(bc69c7e0a11ac8c4e8a781d8d86318c9) Importer(815301076,1909f56bfc062723c751e8b465ee728b)
Start importing Assets/Platform tile pack/ArtWork/Tiles/Tileset_99.asset using Guid(bc69c7e0a11ac8c4e8a781d8d86318c9) Importer(815301076,1909f56bfc062723c751e8b465ee728b)  -> (artifact id: 'f2b213d3f55d1253e81b0af441fed865') in 0.018490 seconds 
  Import took 0.022488 seconds .

========================================================================
Received Import Request.
  Time since last request: 0.000224 seconds.
  path: Assets/Platform tile pack/ArtWork/Tiles/Tileset_68.asset
  artifactKey: Guid(405d8a201fd859446a7a20c7f4077536) Importer(815301076,1909f56bfc062723c751e8b465ee728b)
Start importing Assets/Platform tile pack/ArtWork/Tiles/Tileset_68.asset using Guid(405d8a201fd859446a7a20c7f4077536) Importer(815301076,1909f56bfc062723c751e8b465ee728b)  -> (artifact id: 'a1cd2dc5edfc69fdd2ac9888b7d27e79') in 0.019781 seconds 
  Import took 0.025734 seconds .

========================================================================
Received Import Request.
  Time since last request: 0.000211 seconds.
  path: Assets/Platform tile pack/ArtWork/Tiles/Tileset_46.asset
  artifactKey: Guid(9d1046eec6ee7f64c996f242ee0255eb) Importer(815301076,1909f56bfc062723c751e8b465ee728b)
Start importing Assets/Platform tile pack/ArtWork/Tiles/Tileset_46.asset using Guid(9d1046eec6ee7f64c996f242ee0255eb) Importer(815301076,1909f56bfc062723c751e8b465ee728b)  -> (artifact id: '35ac486450ee6ad9ef0bad30d2fb0a4d') in 0.019693 seconds 
  Import took 0.023379 seconds .

========================================================================
Received Import Request.
  Time since last request: 0.000107 seconds.
  path: Assets/Platform tile pack/ArtWork/Tiles/Tileset_88.asset
  artifactKey: Guid(69a53c6760054054c88b8c74f2a892eb) Importer(815301076,1909f56bfc062723c751e8b465ee728b)
Start importing Assets/Platform tile pack/ArtWork/Tiles/Tileset_88.asset using Guid(69a53c6760054054c88b8c74f2a892eb) Importer(815301076,1909f56bfc062723c751e8b465ee728b)  -> (artifact id: '5407f1fb06be0ad2fe671b9f07dfda5d') in 0.019080 seconds 
  Import took 0.023912 seconds .

========================================================================
Received Import Request.
  Time since last request: 0.000184 seconds.
  path: Assets/Platform tile pack/ArtWork/Tiles/Tileset_18.asset
  artifactKey: Guid(f2d6b570f5f28c1488b8c127441b7714) Importer(815301076,1909f56bfc062723c751e8b465ee728b)
Start importing Assets/Platform tile pack/ArtWork/Tiles/Tileset_18.asset using Guid(f2d6b570f5f28c1488b8c127441b7714) Importer(815301076,1909f56bfc062723c751e8b465ee728b)  -> (artifact id: '71d39b90b283ee4865edaf8adf758f30') in 0.018191 seconds 
  Import took 0.021882 seconds .

========================================================================
Received Import Request.
  Time since last request: 0.000437 seconds.
  path: Assets/Platform tile pack/ArtWork/Tiles/Tileset_98.asset
  artifactKey: Guid(90719251876abbd4fad17d49c2a1b338) Importer(815301076,1909f56bfc062723c751e8b465ee728b)
Start importing Assets/Platform tile pack/ArtWork/Tiles/Tileset_98.asset using Guid(90719251876abbd4fad17d49c2a1b338) Importer(815301076,1909f56bfc062723c751e8b465ee728b)  -> (artifact id: 'b2c87a768fedae4a6105063959a7f018') in 0.018997 seconds 
  Import took 0.023897 seconds .

========================================================================
Received Import Request.
  Time since last request: 0.000240 seconds.
  path: Assets/Platform tile pack/ArtWork/Tiles/Tileset_59.asset
  artifactKey: Guid(9fe29a7d756e8464fb16120803b8dac2) Importer(815301076,1909f56bfc062723c751e8b465ee728b)
Start importing Assets/Platform tile pack/ArtWork/Tiles/Tileset_59.asset using Guid(9fe29a7d756e8464fb16120803b8dac2) Importer(815301076,1909f56bfc062723c751e8b465ee728b)  -> (artifact id: '2a144e256181cc05a98f1fb350c059af') in 0.022438 seconds 
  Import took 0.027157 seconds .

========================================================================
Received Import Request.
  Time since last request: 0.000482 seconds.
  path: Assets/Platform tile pack/ArtWork/Tiles/Tileset_5.asset
  artifactKey: Guid(c1a5f62c5235afd4daa5be870678f0c6) Importer(815301076,1909f56bfc062723c751e8b465ee728b)
Start importing Assets/Platform tile pack/ArtWork/Tiles/Tileset_5.asset using Guid(c1a5f62c5235afd4daa5be870678f0c6) Importer(815301076,1909f56bfc062723c751e8b465ee728b)  -> (artifact id: '55c0d0902bb9a90692b62b5f6615de53') in 0.017685 seconds 
  Import took 0.021897 seconds .

========================================================================
Received Import Request.
  Time since last request: 0.000264 seconds.
  path: Assets/Platform tile pack/ArtWork/Tiles/Tileset_66.asset
  artifactKey: Guid(64c0ed4c934d5314bb08c17bf040000a) Importer(815301076,1909f56bfc062723c751e8b465ee728b)
Start importing Assets/Platform tile pack/ArtWork/Tiles/Tileset_66.asset using Guid(64c0ed4c934d5314bb08c17bf040000a) Importer(815301076,1909f56bfc062723c751e8b465ee728b)  -> (artifact id: '78e57e761014c7acf87f43d6531fd5e4') in 0.020266 seconds 
  Import took 0.024826 seconds .

========================================================================
Received Import Request.
  Time since last request: 0.000204 seconds.
  path: Assets/Platform tile pack/ArtWork/Tiles/Tileset_104.asset
  artifactKey: Guid(15118a80c82cf9141ba56e955c220fcc) Importer(815301076,1909f56bfc062723c751e8b465ee728b)
Start importing Assets/Platform tile pack/ArtWork/Tiles/Tileset_104.asset using Guid(15118a80c82cf9141ba56e955c220fcc) Importer(815301076,1909f56bfc062723c751e8b465ee728b)  -> (artifact id: '7332baaecd4085a6a4c12a8a9376ea3c') in 0.020237 seconds 
  Import took 0.024237 seconds .

========================================================================
Received Import Request.
  Time since last request: 0.000300 seconds.
  path: Assets/Platform tile pack/ArtWork/Tiles/Tileset_116.asset
  artifactKey: Guid(11e52b7db5da6324299385cbd623f83a) Importer(815301076,1909f56bfc062723c751e8b465ee728b)
Start importing Assets/Platform tile pack/ArtWork/Tiles/Tileset_116.asset using Guid(11e52b7db5da6324299385cbd623f83a) Importer(815301076,1909f56bfc062723c751e8b465ee728b)  -> (artifact id: 'b29a1aa6296d02ac51cb893633549583') in 0.022694 seconds 
  Import took 0.027929 seconds .

========================================================================
Received Import Request.
  Time since last request: 0.000198 seconds.
  path: Assets/Platform tile pack/ArtWork/Tiles/Tileset_141.asset
  artifactKey: Guid(aba5588e529c9b34dbd2df6cfccb3da4) Importer(815301076,1909f56bfc062723c751e8b465ee728b)
Start importing Assets/Platform tile pack/ArtWork/Tiles/Tileset_141.asset using Guid(aba5588e529c9b34dbd2df6cfccb3da4) Importer(815301076,1909f56bfc062723c751e8b465ee728b)  -> (artifact id: '6a370b0583f5285d6e7f1300c83c99f1') in 0.018708 seconds 
  Import took 0.023006 seconds .

========================================================================
Received Import Request.
  Time since last request: 0.001020 seconds.
  path: Assets/Platform tile pack/ArtWork/Tiles/Tileset_85.asset
  artifactKey: Guid(124cb9e788022d54ea11708e04648067) Importer(815301076,1909f56bfc062723c751e8b465ee728b)
Start importing Assets/Platform tile pack/ArtWork/Tiles/Tileset_85.asset using Guid(124cb9e788022d54ea11708e04648067) Importer(815301076,1909f56bfc062723c751e8b465ee728b)  -> (artifact id: '7e97e7ab0da98764314b3dba3ec8a112') in 0.016325 seconds 
  Import took 0.021383 seconds .

========================================================================
Received Import Request.
  Time since last request: 0.000221 seconds.
  path: Assets/Platform tile pack/ArtWork/Tiles/Tileset_76.asset
  artifactKey: Guid(3b2c2aa004e7bba4ba9397bc11dd5af3) Importer(815301076,1909f56bfc062723c751e8b465ee728b)
Start importing Assets/Platform tile pack/ArtWork/Tiles/Tileset_76.asset using Guid(3b2c2aa004e7bba4ba9397bc11dd5af3) Importer(815301076,1909f56bfc062723c751e8b465ee728b)  -> (artifact id: '6a129cf3559d035d89218a7f798629d8') in 0.016278 seconds 
  Import took 0.019680 seconds .

========================================================================
Received Import Request.
  Time since last request: 0.000273 seconds.
  path: Assets/Platform tile pack/ArtWork/Tiles/Tileset_84.asset
  artifactKey: Guid(bbeb8e396c801ad489023a357942ffb8) Importer(815301076,1909f56bfc062723c751e8b465ee728b)
Start importing Assets/Platform tile pack/ArtWork/Tiles/Tileset_84.asset using Guid(bbeb8e396c801ad489023a357942ffb8) Importer(815301076,1909f56bfc062723c751e8b465ee728b)  -> (artifact id: 'd2c9ccfbd917c1f4f35d8fc9384ed6d7') in 0.016327 seconds 
  Import took 0.020284 seconds .

========================================================================
Received Import Request.
  Time since last request: 0.000195 seconds.
  path: Assets/Platform tile pack/ArtWork/Tiles/Tileset_125.asset
  artifactKey: Guid(44cbbe85ed333ea4584e3f97d8aa919c) Importer(815301076,1909f56bfc062723c751e8b465ee728b)
Start importing Assets/Platform tile pack/ArtWork/Tiles/Tileset_125.asset using Guid(44cbbe85ed333ea4584e3f97d8aa919c) Importer(815301076,1909f56bfc062723c751e8b465ee728b)  -> (artifact id: '1b5eec2c05c5733752ca9590bde03b51') in 0.018298 seconds 
  Import took 0.021800 seconds .

========================================================================
Received Import Request.
  Time since last request: 0.000217 seconds.
  path: Assets/Platform tile pack/ArtWork/Tiles/Tileset_62.asset
  artifactKey: Guid(0cfd545bb684149469b126738ff3e9ea) Importer(815301076,1909f56bfc062723c751e8b465ee728b)
Start importing Assets/Platform tile pack/ArtWork/Tiles/Tileset_62.asset using Guid(0cfd545bb684149469b126738ff3e9ea) Importer(815301076,1909f56bfc062723c751e8b465ee728b)  -> (artifact id: '02c28c377ab4aa863562e0f6eca475f9') in 0.016106 seconds 
  Import took 0.019229 seconds .

========================================================================
Received Import Request.
  Time since last request: 0.000194 seconds.
  path: Assets/Platform tile pack/ArtWork/Tiles/Tileset_27.asset
  artifactKey: Guid(51475e54825946c4ba2937113d957bab) Importer(815301076,1909f56bfc062723c751e8b465ee728b)
Start importing Assets/Platform tile pack/ArtWork/Tiles/Tileset_27.asset using Guid(51475e54825946c4ba2937113d957bab) Importer(815301076,1909f56bfc062723c751e8b465ee728b)  -> (artifact id: 'bcde8d10332b49680eb49c56f0850213') in 0.014986 seconds 
  Import took 0.018626 seconds .

========================================================================
Received Import Request.
  Time since last request: 0.000207 seconds.
  path: Assets/Platform tile pack/ArtWork/Tiles/Tileset_90.asset
  artifactKey: Guid(d29a69587d9cbe74297c0d335fe64884) Importer(815301076,1909f56bfc062723c751e8b465ee728b)
Start importing Assets/Platform tile pack/ArtWork/Tiles/Tileset_90.asset using Guid(d29a69587d9cbe74297c0d335fe64884) Importer(815301076,1909f56bfc062723c751e8b465ee728b)  -> (artifact id: '78f31bb2320842761f8cc35d63514f5c') in 0.016246 seconds 
  Import took 0.019155 seconds .

========================================================================
Received Import Request.
  Time since last request: 0.000224 seconds.
  path: Assets/Platform tile pack/ArtWork/Tiles/Tileset_92.asset
  artifactKey: Guid(0859f857b76882e469e80ec4c2785d31) Importer(815301076,1909f56bfc062723c751e8b465ee728b)
Start importing Assets/Platform tile pack/ArtWork/Tiles/Tileset_92.asset using Guid(0859f857b76882e469e80ec4c2785d31) Importer(815301076,1909f56bfc062723c751e8b465ee728b)  -> (artifact id: '3ad004e5d6d4818b736444465af7c28f') in 0.018070 seconds 
  Import took 0.021951 seconds .

========================================================================
Received Import Request.
  Time since last request: 0.000224 seconds.
  path: Assets/Platform tile pack/ArtWork/Tiles/Tileset_60.asset
  artifactKey: Guid(03691e55e33e91149a774db171867d16) Importer(815301076,1909f56bfc062723c751e8b465ee728b)
Start importing Assets/Platform tile pack/ArtWork/Tiles/Tileset_60.asset using Guid(03691e55e33e91149a774db171867d16) Importer(815301076,1909f56bfc062723c751e8b465ee728b)  -> (artifact id: 'd98634595a664560a25854d5c1724be9') in 0.016476 seconds 
  Import took 0.021117 seconds .

========================================================================
Received Import Request.
  Time since last request: 0.000229 seconds.
  path: Assets/Platform tile pack/ArtWork/Tiles/Tileset_113.asset
  artifactKey: Guid(4366e6d5b2c0bf94ba5330da9bc766b1) Importer(815301076,1909f56bfc062723c751e8b465ee728b)
Start importing Assets/Platform tile pack/ArtWork/Tiles/Tileset_113.asset using Guid(4366e6d5b2c0bf94ba5330da9bc766b1) Importer(815301076,1909f56bfc062723c751e8b465ee728b)  -> (artifact id: 'f1c267e2971ccb2972dac055fb1fd577') in 0.016100 seconds 
  Import took 0.019120 seconds .

========================================================================
Received Import Request.
  Time since last request: 0.000209 seconds.
  path: Assets/Platform tile pack/ArtWork/Tiles/Tileset_24.asset
  artifactKey: Guid(9c4b07b011beb854c92b5e0ef38a83c4) Importer(815301076,1909f56bfc062723c751e8b465ee728b)
Start importing Assets/Platform tile pack/ArtWork/Tiles/Tileset_24.asset using Guid(9c4b07b011beb854c92b5e0ef38a83c4) Importer(815301076,1909f56bfc062723c751e8b465ee728b)  -> (artifact id: '903175e0a61958d9063cf46637bd7c84') in 0.015933 seconds 
  Import took 0.019679 seconds .

========================================================================
Received Import Request.
  Time since last request: 0.000207 seconds.
  path: Assets/Platform tile pack/ArtWork/Tiles/Tileset_41.asset
  artifactKey: Guid(49f1ab7496af14b40a1fb9a022235c94) Importer(815301076,1909f56bfc062723c751e8b465ee728b)
Start importing Assets/Platform tile pack/ArtWork/Tiles/Tileset_41.asset using Guid(49f1ab7496af14b40a1fb9a022235c94) Importer(815301076,1909f56bfc062723c751e8b465ee728b)  -> (artifact id: 'e8e629e3065563b4fcfe92b72ba7e9b2') in 0.016765 seconds 
  Import took 0.020263 seconds .

========================================================================
Received Import Request.
  Time since last request: 0.000204 seconds.
  path: Assets/Platform tile pack/ArtWork/Tiles/Tileset_132.asset
  artifactKey: Guid(600eefc2c6bd2cf4e9413bcef0797af8) Importer(815301076,1909f56bfc062723c751e8b465ee728b)
Start importing Assets/Platform tile pack/ArtWork/Tiles/Tileset_132.asset using Guid(600eefc2c6bd2cf4e9413bcef0797af8) Importer(815301076,1909f56bfc062723c751e8b465ee728b)  -> (artifact id: '7334833ee004b2bde8717135f7abb7ea') in 0.015091 seconds 
  Import took 0.019409 seconds .

========================================================================
Received Import Request.
  Time since last request: 0.000263 seconds.
  path: Assets/Platform tile pack/ArtWork/Tiles/Tileset_63.asset
  artifactKey: Guid(0fd3e894d8f9ee646923fb2a563d4691) Importer(815301076,1909f56bfc062723c751e8b465ee728b)
Start importing Assets/Platform tile pack/ArtWork/Tiles/Tileset_63.asset using Guid(0fd3e894d8f9ee646923fb2a563d4691) Importer(815301076,1909f56bfc062723c751e8b465ee728b)  -> (artifact id: '37aedaf4ce9b476173a6bfe5dc1b5f65') in 0.014773 seconds 
  Import took 0.018254 seconds .

========================================================================
Received Import Request.
  Time since last request: 0.000210 seconds.
  path: Assets/Platform tile pack/ArtWork/Tiles/Tileset_102.asset
  artifactKey: Guid(4d53d338572b89b45865e389da13bb63) Importer(815301076,1909f56bfc062723c751e8b465ee728b)
Start importing Assets/Platform tile pack/ArtWork/Tiles/Tileset_102.asset using Guid(4d53d338572b89b45865e389da13bb63) Importer(815301076,1909f56bfc062723c751e8b465ee728b)  -> (artifact id: '37c12b61877c73d6a3d8c749ebe1b8b0') in 0.015129 seconds 
  Import took 0.018337 seconds .

========================================================================
Received Import Request.
  Time since last request: 0.000232 seconds.
  path: Assets/Platform tile pack/ArtWork/Tiles/Tileset_51.asset
  artifactKey: Guid(61ce939808202574b9a7f4f8647d836d) Importer(815301076,1909f56bfc062723c751e8b465ee728b)
Start importing Assets/Platform tile pack/ArtWork/Tiles/Tileset_51.asset using Guid(61ce939808202574b9a7f4f8647d836d) Importer(815301076,1909f56bfc062723c751e8b465ee728b)  -> (artifact id: '69a6cbe88bd494018d2e8a85552279b2') in 0.016248 seconds 
  Import took 0.019910 seconds .

========================================================================
Received Import Request.
  Time since last request: 0.000200 seconds.
  path: Assets/Platform tile pack/ArtWork/Tiles/Tileset_121.asset
  artifactKey: Guid(a81a9133b62b5fa4cb44301a760870cd) Importer(815301076,1909f56bfc062723c751e8b465ee728b)
Start importing Assets/Platform tile pack/ArtWork/Tiles/Tileset_121.asset using Guid(a81a9133b62b5fa4cb44301a760870cd) Importer(815301076,1909f56bfc062723c751e8b465ee728b)  -> (artifact id: 'e648a1e44664001e20ceb635017faa4a') in 0.015189 seconds 
  Import took 0.018844 seconds .

========================================================================
Received Import Request.
  Time since last request: 0.000201 seconds.
  path: Assets/Platform tile pack/ArtWork/Tiles/Tileset_93.asset
  artifactKey: Guid(f4c9454fa09eb2b4289df8b310995285) Importer(815301076,1909f56bfc062723c751e8b465ee728b)
Start importing Assets/Platform tile pack/ArtWork/Tiles/Tileset_93.asset using Guid(f4c9454fa09eb2b4289df8b310995285) Importer(815301076,1909f56bfc062723c751e8b465ee728b)  -> (artifact id: '33e4acb2b296f61d309ede48790e57e2') in 0.019207 seconds 
  Import took 0.022248 seconds .

========================================================================
Received Import Request.
  Time since last request: 0.000199 seconds.
  path: Assets/Platform tile pack/ArtWork/Tiles/Tileset_110.asset
  artifactKey: Guid(3b743ad95790e1744989e634075db682) Importer(815301076,1909f56bfc062723c751e8b465ee728b)
Start importing Assets/Platform tile pack/ArtWork/Tiles/Tileset_110.asset using Guid(3b743ad95790e1744989e634075db682) Importer(815301076,1909f56bfc062723c751e8b465ee728b)  -> (artifact id: 'ac2af090d6250ae974894447db84f46f') in 0.015107 seconds 
  Import took 0.018547 seconds .

========================================================================
Received Import Request.
  Time since last request: 0.000222 seconds.
  path: Assets/Platform tile pack/ArtWork/Tiles/Tileset_89.asset
  artifactKey: Guid(a428ee4402c3fc841ae3e66f762c0b6e) Importer(815301076,1909f56bfc062723c751e8b465ee728b)
Start importing Assets/Platform tile pack/ArtWork/Tiles/Tileset_89.asset using Guid(a428ee4402c3fc841ae3e66f762c0b6e) Importer(815301076,1909f56bfc062723c751e8b465ee728b)  -> (artifact id: '8296d00db1f6684570a38e757ff43a21') in 0.015806 seconds 
  Import took 0.019369 seconds .

========================================================================
Received Import Request.
  Time since last request: 0.000199 seconds.
  path: Assets/Platform tile pack/ArtWork/Tiles/Tileset_105.asset
  artifactKey: Guid(aa0ef3003c0b0b44e895dad33e39c4d6) Importer(815301076,1909f56bfc062723c751e8b465ee728b)
Start importing Assets/Platform tile pack/ArtWork/Tiles/Tileset_105.asset using Guid(aa0ef3003c0b0b44e895dad33e39c4d6) Importer(815301076,1909f56bfc062723c751e8b465ee728b)  -> (artifact id: '6f6230507fdb856e92f403f70ae18d4f') in 0.015516 seconds 
  Import took 0.019166 seconds .

========================================================================
Received Import Request.
  Time since last request: 0.000345 seconds.
  path: Assets/Platform tile pack/ArtWork/Tiles/Tileset_81.asset
  artifactKey: Guid(6b31ecabd51ec1c4cb1656d621c4e7b1) Importer(815301076,1909f56bfc062723c751e8b465ee728b)
Start importing Assets/Platform tile pack/ArtWork/Tiles/Tileset_81.asset using Guid(6b31ecabd51ec1c4cb1656d621c4e7b1) Importer(815301076,1909f56bfc062723c751e8b465ee728b)  -> (artifact id: 'f89b92809ff5477e3f3c5316d717c944') in 0.015626 seconds 
  Import took 0.036612 seconds .

========================================================================
Received Import Request.
  Time since last request: 0.000217 seconds.
  path: Assets/Platform tile pack/ArtWork/Tiles/Tileset_31.asset
  artifactKey: Guid(60ab907952191444ca52c40cc4d436ad) Importer(815301076,1909f56bfc062723c751e8b465ee728b)
Start importing Assets/Platform tile pack/ArtWork/Tiles/Tileset_31.asset using Guid(60ab907952191444ca52c40cc4d436ad) Importer(815301076,1909f56bfc062723c751e8b465ee728b)  -> (artifact id: 'bbd55fc030f27135d1890f38e89e6973') in 0.014975 seconds 
  Import took 0.018180 seconds .

========================================================================
Received Import Request.
  Time since last request: 0.000200 seconds.
  path: Assets/Platform tile pack/ArtWork/Tiles/Tileset_7.asset
  artifactKey: Guid(ccb26a6fedaa08444891d1bcf6461d9f) Importer(815301076,1909f56bfc062723c751e8b465ee728b)
Start importing Assets/Platform tile pack/ArtWork/Tiles/Tileset_7.asset using Guid(ccb26a6fedaa08444891d1bcf6461d9f) Importer(815301076,1909f56bfc062723c751e8b465ee728b)  -> (artifact id: '4ce52d0a451343b81d7c3056c2a4f35e') in 0.014336 seconds 
  Import took 0.018339 seconds .

========================================================================
Received Import Request.
  Time since last request: 0.000235 seconds.
  path: Assets/Platform tile pack/ArtWork/Tiles/Tileset_86.asset
  artifactKey: Guid(673861d1c8308bb4080768e830654dfa) Importer(815301076,1909f56bfc062723c751e8b465ee728b)
Start importing Assets/Platform tile pack/ArtWork/Tiles/Tileset_86.asset using Guid(673861d1c8308bb4080768e830654dfa) Importer(815301076,1909f56bfc062723c751e8b465ee728b)  -> (artifact id: '8486e6c5b1691bdff93bab150b8f1ecb') in 0.015163 seconds 
  Import took 0.018498 seconds .

========================================================================
Received Import Request.
  Time since last request: 0.000218 seconds.
  path: Assets/Platform tile pack/ArtWork/Tiles/Tileset_96.asset
  artifactKey: Guid(fb279f812b9daa84394f9524575c43eb) Importer(815301076,1909f56bfc062723c751e8b465ee728b)
Start importing Assets/Platform tile pack/ArtWork/Tiles/Tileset_96.asset using Guid(fb279f812b9daa84394f9524575c43eb) Importer(815301076,1909f56bfc062723c751e8b465ee728b)  -> (artifact id: '17a62a460fb5ec335adcc746f95b254d') in 0.016061 seconds 
  Import took 0.019095 seconds .

========================================================================
Received Import Request.
  Time since last request: 0.000191 seconds.
  path: Assets/Platform tile pack/ArtWork/Tiles/Tileset_109.asset
  artifactKey: Guid(63705a932dcdd2647b740209ec8624b8) Importer(815301076,1909f56bfc062723c751e8b465ee728b)
Start importing Assets/Platform tile pack/ArtWork/Tiles/Tileset_109.asset using Guid(63705a932dcdd2647b740209ec8624b8) Importer(815301076,1909f56bfc062723c751e8b465ee728b)  -> (artifact id: 'ea329939268d9bc3e8b9d80d97cbaedf') in 0.016889 seconds 
  Import took 0.035294 seconds .

========================================================================
Received Import Request.
  Time since last request: 0.000210 seconds.
  path: Assets/Platform tile pack/ArtWork/Tiles/Tileset_82.asset
  artifactKey: Guid(5764a91d834e0b54a8186d0ac605ba0d) Importer(815301076,1909f56bfc062723c751e8b465ee728b)
Start importing Assets/Platform tile pack/ArtWork/Tiles/Tileset_82.asset using Guid(5764a91d834e0b54a8186d0ac605ba0d) Importer(815301076,1909f56bfc062723c751e8b465ee728b)  -> (artifact id: 'd1f8d26d5ff84e6f39c76f4530a2bf9e') in 0.016167 seconds 
  Import took 0.022038 seconds .

========================================================================
Received Import Request.
  Time since last request: 0.000202 seconds.
  path: Assets/Platform tile pack/ArtWork/Tiles/Tileset_134.asset
  artifactKey: Guid(a7007fc9bbed6e042b8eb6daa1c2508e) Importer(815301076,1909f56bfc062723c751e8b465ee728b)
Start importing Assets/Platform tile pack/ArtWork/Tiles/Tileset_134.asset using Guid(a7007fc9bbed6e042b8eb6daa1c2508e) Importer(815301076,1909f56bfc062723c751e8b465ee728b)  -> (artifact id: '6c5a49f2351fcd53fac97bff579055be') in 0.023901 seconds 
  Import took 0.026857 seconds .

========================================================================
Received Import Request.
  Time since last request: 0.000189 seconds.
  path: Assets/Platform tile pack/ArtWork/Tiles/Tileset_58.asset
  artifactKey: Guid(d2a0dec5ea0f3bc48a6b6ac245e5ff0d) Importer(815301076,1909f56bfc062723c751e8b465ee728b)
Start importing Assets/Platform tile pack/ArtWork/Tiles/Tileset_58.asset using Guid(d2a0dec5ea0f3bc48a6b6ac245e5ff0d) Importer(815301076,1909f56bfc062723c751e8b465ee728b)  -> (artifact id: '2d21e00555fca3c89bed3164f12e9b05') in 0.016641 seconds 
  Import took 0.020718 seconds .

========================================================================
Received Import Request.
  Time since last request: 0.000198 seconds.
  path: Assets/Platform tile pack/ArtWork/Tiles/Ground.prefab
  artifactKey: Guid(a935148d58dcc034a9a4e761f42757e4) Importer(815301076,1909f56bfc062723c751e8b465ee728b)
Start importing Assets/Platform tile pack/ArtWork/Tiles/Ground.prefab using Guid(a935148d58dcc034a9a4e761f42757e4) Importer(815301076,1909f56bfc062723c751e8b465ee728b)  -> (artifact id: 'd62fa3d3251dc120bd1167f698b2f366') in 0.130875 seconds 
  Import took 0.135879 seconds .

========================================================================
Received Import Request.
  Time since last request: 0.000196 seconds.
  path: Assets/Platform tile pack/ArtWork/Tiles/Tileset_52.asset
  artifactKey: Guid(db31a99fa29ea8442a7fb72ff08ae78f) Importer(815301076,1909f56bfc062723c751e8b465ee728b)
Start importing Assets/Platform tile pack/ArtWork/Tiles/Tileset_52.asset using Guid(db31a99fa29ea8442a7fb72ff08ae78f) Importer(815301076,1909f56bfc062723c751e8b465ee728b)  -> (artifact id: 'f3316d1804fe373396dd3c3d12901e44') in 0.016604 seconds 
  Import took 0.020092 seconds .

========================================================================
Received Import Request.
  Time since last request: 0.000260 seconds.
  path: Assets/Platform tile pack/ArtWork/Tiles/Tileset_47.asset
  artifactKey: Guid(fd9e44e2c9239124e98c5ddec05bcf1b) Importer(815301076,1909f56bfc062723c751e8b465ee728b)
Start importing Assets/Platform tile pack/ArtWork/Tiles/Tileset_47.asset using Guid(fd9e44e2c9239124e98c5ddec05bcf1b) Importer(815301076,1909f56bfc062723c751e8b465ee728b)  -> (artifact id: '56aa4a52efd1b5b96bc1b8d6c8362261') in 0.016302 seconds 
  Import took 0.019478 seconds .

========================================================================
Received Import Request.
  Time since last request: 0.000192 seconds.
  path: Assets/Platform tile pack/ArtWork/Tiles/Tileset_80.asset
  artifactKey: Guid(bc54c2fdf6c822b4c865b0395ddf8ed0) Importer(815301076,1909f56bfc062723c751e8b465ee728b)
Start importing Assets/Platform tile pack/ArtWork/Tiles/Tileset_80.asset using Guid(bc54c2fdf6c822b4c865b0395ddf8ed0) Importer(815301076,1909f56bfc062723c751e8b465ee728b)  -> (artifact id: '0b908c690016a1b363b1b3ef4312ca1f') in 0.016297 seconds 
  Import took 0.019183 seconds .

AssetImportWorkerClient::OnTransportError - code=2 error=End of file
